<?xml version="1.0" encoding="UTF-8"?>
<coverage generated="1684322598241" clover="3.2.0">
  <project timestamp="1684322598242" name="All files">
    <metrics statements="272" coveredstatements="262" conditionals="1" coveredconditionals="0" methods="25" coveredmethods="15" elements="298" coveredelements="277" complexity="0" loc="272" ncloc="272" packages="2" files="118" classes="118"/>
    <package name="Component">
      <metrics statements="159" coveredstatements="149" conditionals="1" coveredconditionals="0" methods="25" coveredmethods="15"/>
      <file name="Assets.tsx" path="/Users/ext-hyd-lap076/Documents/DemoProject/MyProject/Component/Assets.tsx">
        <metrics statements="113" coveredstatements="113" conditionals="0" coveredconditionals="0" methods="0" coveredmethods="0"/>
        <line num="1" count="3" type="stmt"/>
        <line num="2" count="3" type="stmt"/>
        <line num="3" count="3" type="stmt"/>
        <line num="4" count="3" type="stmt"/>
        <line num="5" count="3" type="stmt"/>
        <line num="6" count="3" type="stmt"/>
        <line num="7" count="3" type="stmt"/>
        <line num="8" count="3" type="stmt"/>
        <line num="9" count="3" type="stmt"/>
        <line num="10" count="3" type="stmt"/>
        <line num="11" count="3" type="stmt"/>
        <line num="12" count="3" type="stmt"/>
        <line num="13" count="3" type="stmt"/>
        <line num="14" count="3" type="stmt"/>
        <line num="15" count="3" type="stmt"/>
        <line num="16" count="3" type="stmt"/>
        <line num="17" count="3" type="stmt"/>
        <line num="18" count="3" type="stmt"/>
        <line num="19" count="3" type="stmt"/>
        <line num="20" count="3" type="stmt"/>
        <line num="21" count="3" type="stmt"/>
        <line num="22" count="3" type="stmt"/>
        <line num="23" count="3" type="stmt"/>
        <line num="24" count="3" type="stmt"/>
        <line num="25" count="3" type="stmt"/>
        <line num="26" count="3" type="stmt"/>
        <line num="27" count="3" type="stmt"/>
        <line num="28" count="3" type="stmt"/>
        <line num="29" count="3" type="stmt"/>
        <line num="30" count="3" type="stmt"/>
        <line num="31" count="3" type="stmt"/>
        <line num="32" count="3" type="stmt"/>
        <line num="33" count="3" type="stmt"/>
        <line num="34" count="3" type="stmt"/>
        <line num="35" count="3" type="stmt"/>
        <line num="36" count="3" type="stmt"/>
        <line num="37" count="3" type="stmt"/>
        <line num="38" count="3" type="stmt"/>
        <line num="39" count="3" type="stmt"/>
        <line num="40" count="3" type="stmt"/>
        <line num="41" count="3" type="stmt"/>
        <line num="42" count="3" type="stmt"/>
        <line num="43" count="3" type="stmt"/>
        <line num="44" count="3" type="stmt"/>
        <line num="45" count="3" type="stmt"/>
        <line num="46" count="3" type="stmt"/>
        <line num="47" count="3" type="stmt"/>
        <line num="48" count="3" type="stmt"/>
        <line num="49" count="3" type="stmt"/>
        <line num="50" count="3" type="stmt"/>
        <line num="51" count="3" type="stmt"/>
        <line num="52" count="3" type="stmt"/>
        <line num="53" count="3" type="stmt"/>
        <line num="54" count="3" type="stmt"/>
        <line num="55" count="3" type="stmt"/>
        <line num="56" count="3" type="stmt"/>
        <line num="57" count="3" type="stmt"/>
        <line num="58" count="3" type="stmt"/>
        <line num="59" count="3" type="stmt"/>
        <line num="60" count="3" type="stmt"/>
        <line num="61" count="3" type="stmt"/>
        <line num="62" count="3" type="stmt"/>
        <line num="63" count="3" type="stmt"/>
        <line num="64" count="3" type="stmt"/>
        <line num="65" count="3" type="stmt"/>
        <line num="66" count="3" type="stmt"/>
        <line num="67" count="3" type="stmt"/>
        <line num="68" count="3" type="stmt"/>
        <line num="69" count="3" type="stmt"/>
        <line num="70" count="3" type="stmt"/>
        <line num="71" count="3" type="stmt"/>
        <line num="72" count="3" type="stmt"/>
        <line num="73" count="3" type="stmt"/>
        <line num="74" count="3" type="stmt"/>
        <line num="75" count="3" type="stmt"/>
        <line num="76" count="3" type="stmt"/>
        <line num="77" count="3" type="stmt"/>
        <line num="78" count="3" type="stmt"/>
        <line num="79" count="3" type="stmt"/>
        <line num="80" count="3" type="stmt"/>
        <line num="81" count="3" type="stmt"/>
        <line num="82" count="3" type="stmt"/>
        <line num="83" count="3" type="stmt"/>
        <line num="84" count="3" type="stmt"/>
        <line num="85" count="3" type="stmt"/>
        <line num="86" count="3" type="stmt"/>
        <line num="87" count="3" type="stmt"/>
        <line num="88" count="3" type="stmt"/>
        <line num="89" count="3" type="stmt"/>
        <line num="90" count="3" type="stmt"/>
        <line num="91" count="3" type="stmt"/>
        <line num="92" count="3" type="stmt"/>
        <line num="93" count="3" type="stmt"/>
        <line num="94" count="3" type="stmt"/>
        <line num="95" count="3" type="stmt"/>
        <line num="96" count="3" type="stmt"/>
        <line num="97" count="3" type="stmt"/>
        <line num="98" count="3" type="stmt"/>
        <line num="99" count="3" type="stmt"/>
        <line num="100" count="3" type="stmt"/>
        <line num="101" count="3" type="stmt"/>
        <line num="102" count="3" type="stmt"/>
        <line num="103" count="3" type="stmt"/>
        <line num="104" count="3" type="stmt"/>
        <line num="105" count="3" type="stmt"/>
        <line num="106" count="3" type="stmt"/>
        <line num="107" count="3" type="stmt"/>
        <line num="108" count="3" type="stmt"/>
        <line num="109" count="3" type="stmt"/>
        <line num="110" count="3" type="stmt"/>
        <line num="111" count="3" type="stmt"/>
        <line num="112" count="3" type="stmt"/>
        <line num="113" count="3" type="stmt"/>
      </file>
      <file name="CarouselScreen.tsx" path="/Users/ext-hyd-lap076/Documents/DemoProject/MyProject/Component/CarouselScreen.tsx">
        <metrics statements="20" coveredstatements="11" conditionals="0" coveredconditionals="0" methods="9" coveredmethods="3"/>
        <line num="7" count="1" type="stmt"/>
        <line num="44" count="1" type="stmt"/>
        <line num="45" count="1" type="stmt"/>
        <line num="49" count="1" type="stmt"/>
        <line num="54" count="1" type="stmt"/>
        <line num="55" count="0" type="stmt"/>
        <line num="59" count="1" type="stmt"/>
        <line num="60" count="0" type="stmt"/>
        <line num="68" count="0" type="stmt"/>
        <line num="77" count="0" type="stmt"/>
        <line num="94" count="1" type="stmt"/>
        <line num="95" count="0" type="stmt"/>
        <line num="96" count="0" type="stmt"/>
        <line num="97" count="0" type="stmt"/>
        <line num="98" count="0" type="stmt"/>
        <line num="102" count="1" type="stmt"/>
        <line num="103" count="1" type="stmt"/>
        <line num="133" count="1" type="stmt"/>
        <line num="141" count="0" type="stmt"/>
        <line num="152" count="1" type="stmt"/>
      </file>
      <file name="Cart.tsx" path="/Users/ext-hyd-lap076/Documents/DemoProject/MyProject/Component/Cart.tsx">
        <metrics statements="14" coveredstatements="13" conditionals="0" coveredconditionals="0" methods="9" coveredmethods="8"/>
        <line num="21" count="2" type="stmt"/>
        <line num="22" count="2" type="stmt"/>
        <line num="33" count="2" type="stmt"/>
        <line num="34" count="1" type="stmt"/>
        <line num="39" count="2" type="stmt"/>
        <line num="40" count="1" type="stmt"/>
        <line num="45" count="2" type="stmt"/>
        <line num="46" count="0" type="stmt"/>
        <line num="49" count="2" type="stmt"/>
        <line num="50" count="12" type="stmt"/>
        <line num="51" count="12" type="stmt"/>
        <line num="92" count="4" type="stmt"/>
        <line num="103" count="12" type="stmt"/>
        <line num="118" count="1" type="stmt"/>
      </file>
      <file name="Scale.tsx" path="/Users/ext-hyd-lap076/Documents/DemoProject/MyProject/Component/Scale.tsx">
        <metrics statements="8" coveredstatements="8" conditionals="1" coveredconditionals="0" methods="4" coveredmethods="1"/>
        <line num="4" count="3" type="stmt"/>
        <line num="5" count="3" type="stmt"/>
        <line num="7" count="3" type="stmt"/>
        <line num="8" count="3" type="stmt"/>
        <line num="14" count="79" type="stmt"/>
        <line num="17" count="3" type="stmt"/>
        <line num="18" count="3" type="stmt"/>
        <line num="19" count="3" type="stmt"/>
      </file>
      <file name="Splash.tsx" path="/Users/ext-hyd-lap076/Documents/DemoProject/MyProject/Component/Splash.tsx">
        <metrics statements="4" coveredstatements="4" conditionals="0" coveredconditionals="0" methods="3" coveredmethods="3"/>
        <line num="13" count="2" type="stmt"/>
        <line num="14" count="2" type="stmt"/>
        <line num="19" count="2" type="stmt"/>
        <line num="37" count="1" type="stmt"/>
      </file>
    </package>
    <package name="Component.Assets">
      <metrics statements="113" coveredstatements="113" conditionals="0" coveredconditionals="0" methods="0" coveredmethods="0"/>
      <file name="Address.png" path="/Users/ext-hyd-lap076/Documents/DemoProject/MyProject/Component/Assets/Address.png">
        <metrics statements="1" coveredstatements="1" conditionals="0" coveredconditionals="0" methods="0" coveredmethods="0"/>
        <line num="1" count="3" type="stmt"/>
      </file>
      <file name="AddressMap.png" path="/Users/ext-hyd-lap076/Documents/DemoProject/MyProject/Component/Assets/AddressMap.png">
        <metrics statements="1" coveredstatements="1" conditionals="0" coveredconditionals="0" methods="0" coveredmethods="0"/>
        <line num="1" count="3" type="stmt"/>
      </file>
      <file name="AdressSaveBtn.png" path="/Users/ext-hyd-lap076/Documents/DemoProject/MyProject/Component/Assets/AdressSaveBtn.png">
        <metrics statements="1" coveredstatements="1" conditionals="0" coveredconditionals="0" methods="0" coveredmethods="0"/>
        <line num="1" count="3" type="stmt"/>
      </file>
      <file name="BackBtn.png" path="/Users/ext-hyd-lap076/Documents/DemoProject/MyProject/Component/Assets/BackBtn.png">
        <metrics statements="1" coveredstatements="1" conditionals="0" coveredconditionals="0" methods="0" coveredmethods="0"/>
        <line num="1" count="3" type="stmt"/>
      </file>
      <file name="Bell.png" path="/Users/ext-hyd-lap076/Documents/DemoProject/MyProject/Component/Assets/Bell.png">
        <metrics statements="1" coveredstatements="1" conditionals="0" coveredconditionals="0" methods="0" coveredmethods="0"/>
        <line num="1" count="3" type="stmt"/>
      </file>
      <file name="BestChoice.png" path="/Users/ext-hyd-lap076/Documents/DemoProject/MyProject/Component/Assets/BestChoice.png">
        <metrics statements="1" coveredstatements="1" conditionals="0" coveredconditionals="0" methods="0" coveredmethods="0"/>
        <line num="1" count="3" type="stmt"/>
      </file>
      <file name="BestOfferBanners.png" path="/Users/ext-hyd-lap076/Documents/DemoProject/MyProject/Component/Assets/BestOfferBanners.png">
        <metrics statements="1" coveredstatements="1" conditionals="0" coveredconditionals="0" methods="0" coveredmethods="0"/>
        <line num="1" count="3" type="stmt"/>
      </file>
      <file name="Burgir.png" path="/Users/ext-hyd-lap076/Documents/DemoProject/MyProject/Component/Assets/Burgir.png">
        <metrics statements="1" coveredstatements="1" conditionals="0" coveredconditionals="0" methods="0" coveredmethods="0"/>
        <line num="1" count="3" type="stmt"/>
      </file>
      <file name="Car.png" path="/Users/ext-hyd-lap076/Documents/DemoProject/MyProject/Component/Assets/Car.png">
        <metrics statements="1" coveredstatements="1" conditionals="0" coveredconditionals="0" methods="0" coveredmethods="0"/>
        <line num="1" count="3" type="stmt"/>
      </file>
      <file name="Cart.png" path="/Users/ext-hyd-lap076/Documents/DemoProject/MyProject/Component/Assets/Cart.png">
        <metrics statements="1" coveredstatements="1" conditionals="0" coveredconditionals="0" methods="0" coveredmethods="0"/>
        <line num="1" count="3" type="stmt"/>
      </file>
      <file name="ChcekoutBtn.png" path="/Users/ext-hyd-lap076/Documents/DemoProject/MyProject/Component/Assets/ChcekoutBtn.png">
        <metrics statements="1" coveredstatements="1" conditionals="0" coveredconditionals="0" methods="0" coveredmethods="0"/>
        <line num="1" count="3" type="stmt"/>
      </file>
      <file name="Checkbox.png" path="/Users/ext-hyd-lap076/Documents/DemoProject/MyProject/Component/Assets/Checkbox.png">
        <metrics statements="1" coveredstatements="1" conditionals="0" coveredconditionals="0" methods="0" coveredmethods="0"/>
        <line num="1" count="3" type="stmt"/>
      </file>
      <file name="Chef.png" path="/Users/ext-hyd-lap076/Documents/DemoProject/MyProject/Component/Assets/Chef.png">
        <metrics statements="1" coveredstatements="1" conditionals="0" coveredconditionals="0" methods="0" coveredmethods="0"/>
        <line num="1" count="3" type="stmt"/>
      </file>
      <file name="Contact.png" path="/Users/ext-hyd-lap076/Documents/DemoProject/MyProject/Component/Assets/Contact.png">
        <metrics statements="1" coveredstatements="1" conditionals="0" coveredconditionals="0" methods="0" coveredmethods="0"/>
        <line num="1" count="3" type="stmt"/>
      </file>
      <file name="ContinueBtn.png" path="/Users/ext-hyd-lap076/Documents/DemoProject/MyProject/Component/Assets/ContinueBtn.png">
        <metrics statements="1" coveredstatements="1" conditionals="0" coveredconditionals="0" methods="0" coveredmethods="0"/>
        <line num="1" count="3" type="stmt"/>
      </file>
      <file name="Creditcard.png" path="/Users/ext-hyd-lap076/Documents/DemoProject/MyProject/Component/Assets/Creditcard.png">
        <metrics statements="1" coveredstatements="1" conditionals="0" coveredconditionals="0" methods="0" coveredmethods="0"/>
        <line num="1" count="3" type="stmt"/>
      </file>
      <file name="Cross.png" path="/Users/ext-hyd-lap076/Documents/DemoProject/MyProject/Component/Assets/Cross.png">
        <metrics statements="1" coveredstatements="1" conditionals="0" coveredconditionals="0" methods="0" coveredmethods="0"/>
        <line num="1" count="3" type="stmt"/>
      </file>
      <file name="DOWN.png" path="/Users/ext-hyd-lap076/Documents/DemoProject/MyProject/Component/Assets/DOWN.png">
        <metrics statements="1" coveredstatements="1" conditionals="0" coveredconditionals="0" methods="0" coveredmethods="0"/>
        <line num="1" count="3" type="stmt"/>
      </file>
      <file name="Delete.png" path="/Users/ext-hyd-lap076/Documents/DemoProject/MyProject/Component/Assets/Delete.png">
        <metrics statements="1" coveredstatements="1" conditionals="0" coveredconditionals="0" methods="0" coveredmethods="0"/>
        <line num="1" count="3" type="stmt"/>
      </file>
      <file name="DeliciousPizza.png" path="/Users/ext-hyd-lap076/Documents/DemoProject/MyProject/Component/Assets/DeliciousPizza.png">
        <metrics statements="1" coveredstatements="1" conditionals="0" coveredconditionals="0" methods="0" coveredmethods="0"/>
        <line num="1" count="3" type="stmt"/>
      </file>
      <file name="DishIcon.png" path="/Users/ext-hyd-lap076/Documents/DemoProject/MyProject/Component/Assets/DishIcon.png">
        <metrics statements="1" coveredstatements="1" conditionals="0" coveredconditionals="0" methods="0" coveredmethods="0"/>
        <line num="1" count="3" type="stmt"/>
      </file>
      <file name="EditProfile.png" path="/Users/ext-hyd-lap076/Documents/DemoProject/MyProject/Component/Assets/EditProfile.png">
        <metrics statements="1" coveredstatements="1" conditionals="0" coveredconditionals="0" methods="0" coveredmethods="0"/>
        <line num="1" count="3" type="stmt"/>
      </file>
      <file name="Ellipsebowl.png" path="/Users/ext-hyd-lap076/Documents/DemoProject/MyProject/Component/Assets/Ellipsebowl.png">
        <metrics statements="1" coveredstatements="1" conditionals="0" coveredconditionals="0" methods="0" coveredmethods="0"/>
        <line num="1" count="3" type="stmt"/>
      </file>
      <file name="Email.png" path="/Users/ext-hyd-lap076/Documents/DemoProject/MyProject/Component/Assets/Email.png">
        <metrics statements="1" coveredstatements="1" conditionals="0" coveredconditionals="0" methods="0" coveredmethods="0"/>
        <line num="1" count="3" type="stmt"/>
      </file>
      <file name="Favourite.png" path="/Users/ext-hyd-lap076/Documents/DemoProject/MyProject/Component/Assets/Favourite.png">
        <metrics statements="1" coveredstatements="1" conditionals="0" coveredconditionals="0" methods="0" coveredmethods="0"/>
        <line num="1" count="3" type="stmt"/>
      </file>
      <file name="Flag.png" path="/Users/ext-hyd-lap076/Documents/DemoProject/MyProject/Component/Assets/Flag.png">
        <metrics statements="1" coveredstatements="1" conditionals="0" coveredconditionals="0" methods="0" coveredmethods="0"/>
        <line num="1" count="3" type="stmt"/>
      </file>
      <file name="Food.png" path="/Users/ext-hyd-lap076/Documents/DemoProject/MyProject/Component/Assets/Food.png">
        <metrics statements="1" coveredstatements="1" conditionals="0" coveredconditionals="0" methods="0" coveredmethods="0"/>
        <line num="1" count="3" type="stmt"/>
      </file>
      <file name="Gallery.png" path="/Users/ext-hyd-lap076/Documents/DemoProject/MyProject/Component/Assets/Gallery.png">
        <metrics statements="1" coveredstatements="1" conditionals="0" coveredconditionals="0" methods="0" coveredmethods="0"/>
        <line num="1" count="3" type="stmt"/>
      </file>
      <file name="GroupPizza.png" path="/Users/ext-hyd-lap076/Documents/DemoProject/MyProject/Component/Assets/GroupPizza.png">
        <metrics statements="1" coveredstatements="1" conditionals="0" coveredconditionals="0" methods="0" coveredmethods="0"/>
        <line num="1" count="3" type="stmt"/>
      </file>
      <file name="Home.png" path="/Users/ext-hyd-lap076/Documents/DemoProject/MyProject/Component/Assets/Home.png">
        <metrics statements="1" coveredstatements="1" conditionals="0" coveredconditionals="0" methods="0" coveredmethods="0"/>
        <line num="1" count="3" type="stmt"/>
      </file>
      <file name="LeftArrow.png" path="/Users/ext-hyd-lap076/Documents/DemoProject/MyProject/Component/Assets/LeftArrow.png">
        <metrics statements="1" coveredstatements="1" conditionals="0" coveredconditionals="0" methods="0" coveredmethods="0"/>
        <line num="1" count="3" type="stmt"/>
      </file>
      <file name="Location.png" path="/Users/ext-hyd-lap076/Documents/DemoProject/MyProject/Component/Assets/Location.png">
        <metrics statements="1" coveredstatements="1" conditionals="0" coveredconditionals="0" methods="0" coveredmethods="0"/>
        <line num="1" count="3" type="stmt"/>
      </file>
      <file name="Logout.png" path="/Users/ext-hyd-lap076/Documents/DemoProject/MyProject/Component/Assets/Logout.png">
        <metrics statements="1" coveredstatements="1" conditionals="0" coveredconditionals="0" methods="0" coveredmethods="0"/>
        <line num="1" count="3" type="stmt"/>
      </file>
      <file name="Mails.png" path="/Users/ext-hyd-lap076/Documents/DemoProject/MyProject/Component/Assets/Mails.png">
        <metrics statements="1" coveredstatements="1" conditionals="0" coveredconditionals="0" methods="0" coveredmethods="0"/>
        <line num="1" count="3" type="stmt"/>
      </file>
      <file name="MapView.png" path="/Users/ext-hyd-lap076/Documents/DemoProject/MyProject/Component/Assets/MapView.png">
        <metrics statements="1" coveredstatements="1" conditionals="0" coveredconditionals="0" methods="0" coveredmethods="0"/>
        <line num="1" count="3" type="stmt"/>
      </file>
      <file name="MyOrderCall.png" path="/Users/ext-hyd-lap076/Documents/DemoProject/MyProject/Component/Assets/MyOrderCall.png">
        <metrics statements="1" coveredstatements="1" conditionals="0" coveredconditionals="0" methods="0" coveredmethods="0"/>
        <line num="1" count="3" type="stmt"/>
      </file>
      <file name="NearByRestaurant.png" path="/Users/ext-hyd-lap076/Documents/DemoProject/MyProject/Component/Assets/NearByRestaurant.png">
        <metrics statements="1" coveredstatements="1" conditionals="0" coveredconditionals="0" methods="0" coveredmethods="0"/>
        <line num="1" count="3" type="stmt"/>
      </file>
      <file name="NotificationBurger.png" path="/Users/ext-hyd-lap076/Documents/DemoProject/MyProject/Component/Assets/NotificationBurger.png">
        <metrics statements="1" coveredstatements="1" conditionals="0" coveredconditionals="0" methods="0" coveredmethods="0"/>
        <line num="1" count="3" type="stmt"/>
      </file>
      <file name="Offer.png" path="/Users/ext-hyd-lap076/Documents/DemoProject/MyProject/Component/Assets/Offer.png">
        <metrics statements="1" coveredstatements="1" conditionals="0" coveredconditionals="0" methods="0" coveredmethods="0"/>
        <line num="1" count="3" type="stmt"/>
      </file>
      <file name="Order.png" path="/Users/ext-hyd-lap076/Documents/DemoProject/MyProject/Component/Assets/Order.png">
        <metrics statements="1" coveredstatements="1" conditionals="0" coveredconditionals="0" methods="0" coveredmethods="0"/>
        <line num="1" count="3" type="stmt"/>
      </file>
      <file name="OrderConfirm.png" path="/Users/ext-hyd-lap076/Documents/DemoProject/MyProject/Component/Assets/OrderConfirm.png">
        <metrics statements="1" coveredstatements="1" conditionals="0" coveredconditionals="0" methods="0" coveredmethods="0"/>
        <line num="1" count="3" type="stmt"/>
      </file>
      <file name="OrderProcessed.png" path="/Users/ext-hyd-lap076/Documents/DemoProject/MyProject/Component/Assets/OrderProcessed.png">
        <metrics statements="1" coveredstatements="1" conditionals="0" coveredconditionals="0" methods="0" coveredmethods="0"/>
        <line num="1" count="3" type="stmt"/>
      </file>
      <file name="PayNowBtn.png" path="/Users/ext-hyd-lap076/Documents/DemoProject/MyProject/Component/Assets/PayNowBtn.png">
        <metrics statements="1" coveredstatements="1" conditionals="0" coveredconditionals="0" methods="0" coveredmethods="0"/>
        <line num="1" count="3" type="stmt"/>
      </file>
      <file name="Phone.png" path="/Users/ext-hyd-lap076/Documents/DemoProject/MyProject/Component/Assets/Phone.png">
        <metrics statements="1" coveredstatements="1" conditionals="0" coveredconditionals="0" methods="0" coveredmethods="0"/>
        <line num="1" count="3" type="stmt"/>
      </file>
      <file name="Pizza.png" path="/Users/ext-hyd-lap076/Documents/DemoProject/MyProject/Component/Assets/Pizza.png">
        <metrics statements="1" coveredstatements="1" conditionals="0" coveredconditionals="0" methods="0" coveredmethods="0"/>
        <line num="1" count="3" type="stmt"/>
      </file>
      <file name="PizzaBoy.png" path="/Users/ext-hyd-lap076/Documents/DemoProject/MyProject/Component/Assets/PizzaBoy.png">
        <metrics statements="1" coveredstatements="1" conditionals="0" coveredconditionals="0" methods="0" coveredmethods="0"/>
        <line num="1" count="3" type="stmt"/>
      </file>
      <file name="PrivacyPolicy.png" path="/Users/ext-hyd-lap076/Documents/DemoProject/MyProject/Component/Assets/PrivacyPolicy.png">
        <metrics statements="1" coveredstatements="1" conditionals="0" coveredconditionals="0" methods="0" coveredmethods="0"/>
        <line num="1" count="3" type="stmt"/>
      </file>
      <file name="ProfilePic.png" path="/Users/ext-hyd-lap076/Documents/DemoProject/MyProject/Component/Assets/ProfilePic.png">
        <metrics statements="1" coveredstatements="1" conditionals="0" coveredconditionals="0" methods="0" coveredmethods="0"/>
        <line num="1" count="3" type="stmt"/>
      </file>
      <file name="ProfileScreen.png" path="/Users/ext-hyd-lap076/Documents/DemoProject/MyProject/Component/Assets/ProfileScreen.png">
        <metrics statements="1" coveredstatements="1" conditionals="0" coveredconditionals="0" methods="0" coveredmethods="0"/>
        <line num="1" count="3" type="stmt"/>
      </file>
      <file name="ProflHome.png" path="/Users/ext-hyd-lap076/Documents/DemoProject/MyProject/Component/Assets/ProflHome.png">
        <metrics statements="1" coveredstatements="1" conditionals="0" coveredconditionals="0" methods="0" coveredmethods="0"/>
        <line num="1" count="3" type="stmt"/>
      </file>
      <file name="Rating.png" path="/Users/ext-hyd-lap076/Documents/DemoProject/MyProject/Component/Assets/Rating.png">
        <metrics statements="1" coveredstatements="1" conditionals="0" coveredconditionals="0" methods="0" coveredmethods="0"/>
        <line num="1" count="3" type="stmt"/>
      </file>
      <file name="ReadyPickup.png" path="/Users/ext-hyd-lap076/Documents/DemoProject/MyProject/Component/Assets/ReadyPickup.png">
        <metrics statements="1" coveredstatements="1" conditionals="0" coveredconditionals="0" methods="0" coveredmethods="0"/>
        <line num="1" count="3" type="stmt"/>
      </file>
      <file name="Register.png" path="/Users/ext-hyd-lap076/Documents/DemoProject/MyProject/Component/Assets/Register.png">
        <metrics statements="1" coveredstatements="1" conditionals="0" coveredconditionals="0" methods="0" coveredmethods="0"/>
        <line num="1" count="3" type="stmt"/>
      </file>
      <file name="Resend.png" path="/Users/ext-hyd-lap076/Documents/DemoProject/MyProject/Component/Assets/Resend.png">
        <metrics statements="1" coveredstatements="1" conditionals="0" coveredconditionals="0" methods="0" coveredmethods="0"/>
        <line num="1" count="3" type="stmt"/>
      </file>
      <file name="Restraunt.png" path="/Users/ext-hyd-lap076/Documents/DemoProject/MyProject/Component/Assets/Restraunt.png">
        <metrics statements="1" coveredstatements="1" conditionals="0" coveredconditionals="0" methods="0" coveredmethods="0"/>
        <line num="1" count="3" type="stmt"/>
      </file>
      <file name="ReveievBtn.png" path="/Users/ext-hyd-lap076/Documents/DemoProject/MyProject/Component/Assets/ReveievBtn.png">
        <metrics statements="1" coveredstatements="1" conditionals="0" coveredconditionals="0" methods="0" coveredmethods="0"/>
        <line num="1" count="3" type="stmt"/>
      </file>
      <file name="ReviewFood.png" path="/Users/ext-hyd-lap076/Documents/DemoProject/MyProject/Component/Assets/ReviewFood.png">
        <metrics statements="1" coveredstatements="1" conditionals="0" coveredconditionals="0" methods="0" coveredmethods="0"/>
        <line num="1" count="3" type="stmt"/>
      </file>
      <file name="ReviewGroupPhoto.png" path="/Users/ext-hyd-lap076/Documents/DemoProject/MyProject/Component/Assets/ReviewGroupPhoto.png">
        <metrics statements="1" coveredstatements="1" conditionals="0" coveredconditionals="0" methods="0" coveredmethods="0"/>
        <line num="1" count="3" type="stmt"/>
      </file>
      <file name="ReviewProfile.png" path="/Users/ext-hyd-lap076/Documents/DemoProject/MyProject/Component/Assets/ReviewProfile.png">
        <metrics statements="1" coveredstatements="1" conditionals="0" coveredconditionals="0" methods="0" coveredmethods="0"/>
        <line num="1" count="3" type="stmt"/>
      </file>
      <file name="RightArr.png" path="/Users/ext-hyd-lap076/Documents/DemoProject/MyProject/Component/Assets/RightArr.png">
        <metrics statements="1" coveredstatements="1" conditionals="0" coveredconditionals="0" methods="0" coveredmethods="0"/>
        <line num="1" count="3" type="stmt"/>
      </file>
      <file name="SaveProfileBtn.png" path="/Users/ext-hyd-lap076/Documents/DemoProject/MyProject/Component/Assets/SaveProfileBtn.png">
        <metrics statements="1" coveredstatements="1" conditionals="0" coveredconditionals="0" methods="0" coveredmethods="0"/>
        <line num="1" count="3" type="stmt"/>
      </file>
      <file name="SbiLogo.png" path="/Users/ext-hyd-lap076/Documents/DemoProject/MyProject/Component/Assets/SbiLogo.png">
        <metrics statements="1" coveredstatements="1" conditionals="0" coveredconditionals="0" methods="0" coveredmethods="0"/>
        <line num="1" count="3" type="stmt"/>
      </file>
      <file name="Search.png" path="/Users/ext-hyd-lap076/Documents/DemoProject/MyProject/Component/Assets/Search.png">
        <metrics statements="1" coveredstatements="1" conditionals="0" coveredconditionals="0" methods="0" coveredmethods="0"/>
        <line num="1" count="3" type="stmt"/>
      </file>
      <file name="SearchBar.png" path="/Users/ext-hyd-lap076/Documents/DemoProject/MyProject/Component/Assets/SearchBar.png">
        <metrics statements="1" coveredstatements="1" conditionals="0" coveredconditionals="0" methods="0" coveredmethods="0"/>
        <line num="1" count="3" type="stmt"/>
      </file>
      <file name="SearchLocation.png" path="/Users/ext-hyd-lap076/Documents/DemoProject/MyProject/Component/Assets/SearchLocation.png">
        <metrics statements="1" coveredstatements="1" conditionals="0" coveredconditionals="0" methods="0" coveredmethods="0"/>
        <line num="1" count="3" type="stmt"/>
      </file>
      <file name="SendOTPbtn.png" path="/Users/ext-hyd-lap076/Documents/DemoProject/MyProject/Component/Assets/SendOTPbtn.png">
        <metrics statements="1" coveredstatements="1" conditionals="0" coveredconditionals="0" methods="0" coveredmethods="0"/>
        <line num="1" count="3" type="stmt"/>
      </file>
      <file name="Splash.png" path="/Users/ext-hyd-lap076/Documents/DemoProject/MyProject/Component/Assets/Splash.png">
        <metrics statements="1" coveredstatements="1" conditionals="0" coveredconditionals="0" methods="0" coveredmethods="0"/>
        <line num="1" count="3" type="stmt"/>
      </file>
      <file name="Team.png" path="/Users/ext-hyd-lap076/Documents/DemoProject/MyProject/Component/Assets/Team.png">
        <metrics statements="1" coveredstatements="1" conditionals="0" coveredconditionals="0" methods="0" coveredmethods="0"/>
        <line num="1" count="3" type="stmt"/>
      </file>
      <file name="TermsConditions.png" path="/Users/ext-hyd-lap076/Documents/DemoProject/MyProject/Component/Assets/TermsConditions.png">
        <metrics statements="1" coveredstatements="1" conditionals="0" coveredconditionals="0" methods="0" coveredmethods="0"/>
        <line num="1" count="3" type="stmt"/>
      </file>
      <file name="TrackContact.png" path="/Users/ext-hyd-lap076/Documents/DemoProject/MyProject/Component/Assets/TrackContact.png">
        <metrics statements="1" coveredstatements="1" conditionals="0" coveredconditionals="0" methods="0" coveredmethods="0"/>
        <line num="1" count="3" type="stmt"/>
      </file>
      <file name="TrackDistance.png" path="/Users/ext-hyd-lap076/Documents/DemoProject/MyProject/Component/Assets/TrackDistance.png">
        <metrics statements="1" coveredstatements="1" conditionals="0" coveredconditionals="0" methods="0" coveredmethods="0"/>
        <line num="1" count="3" type="stmt"/>
      </file>
      <file name="TrackLocationBackBtn.png" path="/Users/ext-hyd-lap076/Documents/DemoProject/MyProject/Component/Assets/TrackLocationBackBtn.png">
        <metrics statements="1" coveredstatements="1" conditionals="0" coveredconditionals="0" methods="0" coveredmethods="0"/>
        <line num="1" count="3" type="stmt"/>
      </file>
      <file name="TrackLocationLogo.png" path="/Users/ext-hyd-lap076/Documents/DemoProject/MyProject/Component/Assets/TrackLocationLogo.png">
        <metrics statements="1" coveredstatements="1" conditionals="0" coveredconditionals="0" methods="0" coveredmethods="0"/>
        <line num="1" count="3" type="stmt"/>
      </file>
      <file name="TrackMap.png" path="/Users/ext-hyd-lap076/Documents/DemoProject/MyProject/Component/Assets/TrackMap.png">
        <metrics statements="1" coveredstatements="1" conditionals="0" coveredconditionals="0" methods="0" coveredmethods="0"/>
        <line num="1" count="3" type="stmt"/>
      </file>
      <file name="Userprofile.png" path="/Users/ext-hyd-lap076/Documents/DemoProject/MyProject/Component/Assets/Userprofile.png">
        <metrics statements="1" coveredstatements="1" conditionals="0" coveredconditionals="0" methods="0" coveredmethods="0"/>
        <line num="1" count="3" type="stmt"/>
      </file>
      <file name="VectorDelt.png" path="/Users/ext-hyd-lap076/Documents/DemoProject/MyProject/Component/Assets/VectorDelt.png">
        <metrics statements="1" coveredstatements="1" conditionals="0" coveredconditionals="0" methods="0" coveredmethods="0"/>
        <line num="1" count="3" type="stmt"/>
      </file>
      <file name="Vectoredit.png" path="/Users/ext-hyd-lap076/Documents/DemoProject/MyProject/Component/Assets/Vectoredit.png">
        <metrics statements="1" coveredstatements="1" conditionals="0" coveredconditionals="0" methods="0" coveredmethods="0"/>
        <line num="1" count="3" type="stmt"/>
      </file>
      <file name="ViewAll.png" path="/Users/ext-hyd-lap076/Documents/DemoProject/MyProject/Component/Assets/ViewAll.png">
        <metrics statements="1" coveredstatements="1" conditionals="0" coveredconditionals="0" methods="0" coveredmethods="0"/>
        <line num="1" count="3" type="stmt"/>
      </file>
      <file name="biryani.png" path="/Users/ext-hyd-lap076/Documents/DemoProject/MyProject/Component/Assets/biryani.png">
        <metrics statements="1" coveredstatements="1" conditionals="0" coveredconditionals="0" methods="0" coveredmethods="0"/>
        <line num="1" count="3" type="stmt"/>
      </file>
      <file name="btn.png" path="/Users/ext-hyd-lap076/Documents/DemoProject/MyProject/Component/Assets/btn.png">
        <metrics statements="1" coveredstatements="1" conditionals="0" coveredconditionals="0" methods="0" coveredmethods="0"/>
        <line num="1" count="3" type="stmt"/>
      </file>
      <file name="coupenCode.png" path="/Users/ext-hyd-lap076/Documents/DemoProject/MyProject/Component/Assets/coupenCode.png">
        <metrics statements="1" coveredstatements="1" conditionals="0" coveredconditionals="0" methods="0" coveredmethods="0"/>
        <line num="1" count="3" type="stmt"/>
      </file>
      <file name="delievryBoy.png" path="/Users/ext-hyd-lap076/Documents/DemoProject/MyProject/Component/Assets/delievryBoy.png">
        <metrics statements="1" coveredstatements="1" conditionals="0" coveredconditionals="0" methods="0" coveredmethods="0"/>
        <line num="1" count="3" type="stmt"/>
      </file>
      <file name="dropdown.png" path="/Users/ext-hyd-lap076/Documents/DemoProject/MyProject/Component/Assets/dropdown.png">
        <metrics statements="1" coveredstatements="1" conditionals="0" coveredconditionals="0" methods="0" coveredmethods="0"/>
        <line num="1" count="3" type="stmt"/>
      </file>
      <file name="favouriteDishIcon.png" path="/Users/ext-hyd-lap076/Documents/DemoProject/MyProject/Component/Assets/favouriteDishIcon.png">
        <metrics statements="1" coveredstatements="1" conditionals="0" coveredconditionals="0" methods="0" coveredmethods="0"/>
        <line num="1" count="3" type="stmt"/>
      </file>
      <file name="forgotpasscodebg.png" path="/Users/ext-hyd-lap076/Documents/DemoProject/MyProject/Component/Assets/forgotpasscodebg.png">
        <metrics statements="1" coveredstatements="1" conditionals="0" coveredconditionals="0" methods="0" coveredmethods="0"/>
        <line num="1" count="3" type="stmt"/>
      </file>
      <file name="forgotpasscodebtn.png" path="/Users/ext-hyd-lap076/Documents/DemoProject/MyProject/Component/Assets/forgotpasscodebtn.png">
        <metrics statements="1" coveredstatements="1" conditionals="0" coveredconditionals="0" methods="0" coveredmethods="0"/>
        <line num="1" count="3" type="stmt"/>
      </file>
      <file name="fvrtBtn.png" path="/Users/ext-hyd-lap076/Documents/DemoProject/MyProject/Component/Assets/fvrtBtn.png">
        <metrics statements="1" coveredstatements="1" conditionals="0" coveredconditionals="0" methods="0" coveredmethods="0"/>
        <line num="1" count="3" type="stmt"/>
      </file>
      <file name="greenOffer.png" path="/Users/ext-hyd-lap076/Documents/DemoProject/MyProject/Component/Assets/greenOffer.png">
        <metrics statements="1" coveredstatements="1" conditionals="0" coveredconditionals="0" methods="0" coveredmethods="0"/>
        <line num="1" count="3" type="stmt"/>
      </file>
      <file name="hamburger.png" path="/Users/ext-hyd-lap076/Documents/DemoProject/MyProject/Component/Assets/hamburger.png">
        <metrics statements="1" coveredstatements="1" conditionals="0" coveredconditionals="0" methods="0" coveredmethods="0"/>
        <line num="1" count="3" type="stmt"/>
      </file>
      <file name="icon.png" path="/Users/ext-hyd-lap076/Documents/DemoProject/MyProject/Component/Assets/icon.png">
        <metrics statements="1" coveredstatements="1" conditionals="0" coveredconditionals="0" methods="0" coveredmethods="0"/>
        <line num="1" count="3" type="stmt"/>
      </file>
      <file name="imagePicker.png" path="/Users/ext-hyd-lap076/Documents/DemoProject/MyProject/Component/Assets/imagePicker.png">
        <metrics statements="1" coveredstatements="1" conditionals="0" coveredconditionals="0" methods="0" coveredmethods="0"/>
        <line num="1" count="3" type="stmt"/>
      </file>
      <file name="leftBackArrow.png" path="/Users/ext-hyd-lap076/Documents/DemoProject/MyProject/Component/Assets/leftBackArrow.png">
        <metrics statements="1" coveredstatements="1" conditionals="0" coveredconditionals="0" methods="0" coveredmethods="0"/>
        <line num="1" count="3" type="stmt"/>
      </file>
      <file name="locationbtn.png" path="/Users/ext-hyd-lap076/Documents/DemoProject/MyProject/Component/Assets/locationbtn.png">
        <metrics statements="1" coveredstatements="1" conditionals="0" coveredconditionals="0" methods="0" coveredmethods="0"/>
        <line num="1" count="3" type="stmt"/>
      </file>
      <file name="login.png" path="/Users/ext-hyd-lap076/Documents/DemoProject/MyProject/Component/Assets/login.png">
        <metrics statements="1" coveredstatements="1" conditionals="0" coveredconditionals="0" methods="0" coveredmethods="0"/>
        <line num="1" count="3" type="stmt"/>
      </file>
      <file name="myOrderHaqmburger.png" path="/Users/ext-hyd-lap076/Documents/DemoProject/MyProject/Component/Assets/myOrderHaqmburger.png">
        <metrics statements="1" coveredstatements="1" conditionals="0" coveredconditionals="0" methods="0" coveredmethods="0"/>
        <line num="1" count="3" type="stmt"/>
      </file>
      <file name="myOrderResataurant.png" path="/Users/ext-hyd-lap076/Documents/DemoProject/MyProject/Component/Assets/myOrderResataurant.png">
        <metrics statements="1" coveredstatements="1" conditionals="0" coveredconditionals="0" methods="0" coveredmethods="0"/>
        <line num="1" count="3" type="stmt"/>
      </file>
      <file name="navigation.png" path="/Users/ext-hyd-lap076/Documents/DemoProject/MyProject/Component/Assets/navigation.png">
        <metrics statements="1" coveredstatements="1" conditionals="0" coveredconditionals="0" methods="0" coveredmethods="0"/>
        <line num="1" count="3" type="stmt"/>
      </file>
      <file name="nearbyRestraunt.png" path="/Users/ext-hyd-lap076/Documents/DemoProject/MyProject/Component/Assets/nearbyRestraunt.png">
        <metrics statements="1" coveredstatements="1" conditionals="0" coveredconditionals="0" methods="0" coveredmethods="0"/>
        <line num="1" count="3" type="stmt"/>
      </file>
      <file name="otpmails.png" path="/Users/ext-hyd-lap076/Documents/DemoProject/MyProject/Component/Assets/otpmails.png">
        <metrics statements="1" coveredstatements="1" conditionals="0" coveredconditionals="0" methods="0" coveredmethods="0"/>
        <line num="1" count="3" type="stmt"/>
      </file>
      <file name="otpverificationBg.png" path="/Users/ext-hyd-lap076/Documents/DemoProject/MyProject/Component/Assets/otpverificationBg.png">
        <metrics statements="1" coveredstatements="1" conditionals="0" coveredconditionals="0" methods="0" coveredmethods="0"/>
        <line num="1" count="3" type="stmt"/>
      </file>
      <file name="profileOffers.png" path="/Users/ext-hyd-lap076/Documents/DemoProject/MyProject/Component/Assets/profileOffers.png">
        <metrics statements="1" coveredstatements="1" conditionals="0" coveredconditionals="0" methods="0" coveredmethods="0"/>
        <line num="1" count="3" type="stmt"/>
      </file>
      <file name="questionmark.png" path="/Users/ext-hyd-lap076/Documents/DemoProject/MyProject/Component/Assets/questionmark.png">
        <metrics statements="1" coveredstatements="1" conditionals="0" coveredconditionals="0" methods="0" coveredmethods="0"/>
        <line num="1" count="3" type="stmt"/>
      </file>
      <file name="redLocationIcon.png" path="/Users/ext-hyd-lap076/Documents/DemoProject/MyProject/Component/Assets/redLocationIcon.png">
        <metrics statements="1" coveredstatements="1" conditionals="0" coveredconditionals="0" methods="0" coveredmethods="0"/>
        <line num="1" count="3" type="stmt"/>
      </file>
      <file name="redOffer.png" path="/Users/ext-hyd-lap076/Documents/DemoProject/MyProject/Component/Assets/redOffer.png">
        <metrics statements="1" coveredstatements="1" conditionals="0" coveredconditionals="0" methods="0" coveredmethods="0"/>
        <line num="1" count="3" type="stmt"/>
      </file>
      <file name="resendCaptcha.png" path="/Users/ext-hyd-lap076/Documents/DemoProject/MyProject/Component/Assets/resendCaptcha.png">
        <metrics statements="1" coveredstatements="1" conditionals="0" coveredconditionals="0" methods="0" coveredmethods="0"/>
        <line num="1" count="3" type="stmt"/>
      </file>
      <file name="setpasscodebg.png" path="/Users/ext-hyd-lap076/Documents/DemoProject/MyProject/Component/Assets/setpasscodebg.png">
        <metrics statements="1" coveredstatements="1" conditionals="0" coveredconditionals="0" methods="0" coveredmethods="0"/>
        <line num="1" count="3" type="stmt"/>
      </file>
      <file name="skip.png" path="/Users/ext-hyd-lap076/Documents/DemoProject/MyProject/Component/Assets/skip.png">
        <metrics statements="1" coveredstatements="1" conditionals="0" coveredconditionals="0" methods="0" coveredmethods="0"/>
        <line num="1" count="3" type="stmt"/>
      </file>
      <file name="spclFood.png" path="/Users/ext-hyd-lap076/Documents/DemoProject/MyProject/Component/Assets/spclFood.png">
        <metrics statements="1" coveredstatements="1" conditionals="0" coveredconditionals="0" methods="0" coveredmethods="0"/>
        <line num="1" count="3" type="stmt"/>
      </file>
      <file name="verifybtn.png" path="/Users/ext-hyd-lap076/Documents/DemoProject/MyProject/Component/Assets/verifybtn.png">
        <metrics statements="1" coveredstatements="1" conditionals="0" coveredconditionals="0" methods="0" coveredmethods="0"/>
        <line num="1" count="3" type="stmt"/>
      </file>
      <file name="whiteCart.png" path="/Users/ext-hyd-lap076/Documents/DemoProject/MyProject/Component/Assets/whiteCart.png">
        <metrics statements="1" coveredstatements="1" conditionals="0" coveredconditionals="0" methods="0" coveredmethods="0"/>
        <line num="1" count="3" type="stmt"/>
      </file>
      <file name="whiteHome.png" path="/Users/ext-hyd-lap076/Documents/DemoProject/MyProject/Component/Assets/whiteHome.png">
        <metrics statements="1" coveredstatements="1" conditionals="0" coveredconditionals="0" methods="0" coveredmethods="0"/>
        <line num="1" count="3" type="stmt"/>
      </file>
      <file name="whiteOffer.png" path="/Users/ext-hyd-lap076/Documents/DemoProject/MyProject/Component/Assets/whiteOffer.png">
        <metrics statements="1" coveredstatements="1" conditionals="0" coveredconditionals="0" methods="0" coveredmethods="0"/>
        <line num="1" count="3" type="stmt"/>
      </file>
      <file name="whiteSearch.png" path="/Users/ext-hyd-lap076/Documents/DemoProject/MyProject/Component/Assets/whiteSearch.png">
        <metrics statements="1" coveredstatements="1" conditionals="0" coveredconditionals="0" methods="0" coveredmethods="0"/>
        <line num="1" count="3" type="stmt"/>
      </file>
    </package>
  </project>
</coverage>
