{"/Users/ext-hyd-lap076/Documents/DemoProject/MyProject/Component/Assets.tsx": {"path":"/Users/ext-hyd-lap076/Documents/DemoProject/MyProject/Component/Assets.tsx","statementMap":{"0":{"start":{"line":1,"column":19},"end":{"line":1,"column":46}},"1":{"start":{"line":2,"column":20},"end":{"line":2,"column":48}},"2":{"start":{"line":3,"column":20},"end":{"line":3,"column":48}},"3":{"start":{"line":4,"column":23},"end":{"line":4,"column":56}},"4":{"start":{"line":5,"column":20},"end":{"line":5,"column":48}},"5":{"start":{"line":6,"column":24},"end":{"line":6,"column":56}},"6":{"start":{"line":7,"column":22},"end":{"line":7,"column":52}},"7":{"start":{"line":8,"column":21},"end":{"line":8,"column":50}},"8":{"start":{"line":9,"column":21},"end":{"line":9,"column":50}},"9":{"start":{"line":10,"column":24},"end":{"line":10,"column":56}},"10":{"start":{"line":11,"column":22},"end":{"line":11,"column":51}},"11":{"start":{"line":12,"column":27},"end":{"line":12,"column":62}},"12":{"start":{"line":13,"column":24},"end":{"line":13,"column":56}},"13":{"start":{"line":14,"column":20},"end":{"line":14,"column":48}},"14":{"start":{"line":15,"column":24},"end":{"line":15,"column":56}},"15":{"start":{"line":16,"column":26},"end":{"line":16,"column":58}},"16":{"start":{"line":17,"column":20},"end":{"line":17,"column":48}},"17":{"start":{"line":18,"column":21},"end":{"line":18,"column":50}},"18":{"start":{"line":19,"column":23},"end":{"line":19,"column":54}},"19":{"start":{"line":20,"column":21},"end":{"line":20,"column":50}},"20":{"start":{"line":21,"column":19},"end":{"line":21,"column":46}},"21":{"start":{"line":22,"column":22},"end":{"line":22,"column":52}},"22":{"start":{"line":23,"column":25},"end":{"line":23,"column":57}},"23":{"start":{"line":24,"column":27},"end":{"line":24,"column":62}},"24":{"start":{"line":25,"column":31},"end":{"line":25,"column":71}},"25":{"start":{"line":26,"column":26},"end":{"line":26,"column":60}},"26":{"start":{"line":27,"column":24},"end":{"line":27,"column":56}},"27":{"start":{"line":28,"column":33},"end":{"line":28,"column":74}},"28":{"start":{"line":29,"column":29},"end":{"line":29,"column":66}},"29":{"start":{"line":30,"column":29},"end":{"line":30,"column":66}},"30":{"start":{"line":31,"column":25},"end":{"line":31,"column":58}},"31":{"start":{"line":32,"column":33},"end":{"line":32,"column":74}},"32":{"start":{"line":33,"column":28},"end":{"line":33,"column":64}},"33":{"start":{"line":34,"column":23},"end":{"line":34,"column":54}},"34":{"start":{"line":35,"column":20},"end":{"line":35,"column":48}},"35":{"start":{"line":36,"column":26},"end":{"line":36,"column":60}},"36":{"start":{"line":37,"column":22},"end":{"line":37,"column":52}},"37":{"start":{"line":38,"column":30},"end":{"line":38,"column":68}},"38":{"start":{"line":39,"column":24},"end":{"line":39,"column":56}},"39":{"start":{"line":40,"column":26},"end":{"line":40,"column":60}},"40":{"start":{"line":41,"column":22},"end":{"line":41,"column":52}},"41":{"start":{"line":42,"column":31},"end":{"line":42,"column":70}},"42":{"start":{"line":43,"column":25},"end":{"line":43,"column":58}},"43":{"start":{"line":44,"column":24},"end":{"line":44,"column":56}},"44":{"start":{"line":45,"column":23},"end":{"line":45,"column":54}},"45":{"start":{"line":46,"column":23},"end":{"line":46,"column":54}},"46":{"start":{"line":47,"column":22},"end":{"line":47,"column":52}},"47":{"start":{"line":48,"column":21},"end":{"line":48,"column":50}},"48":{"start":{"line":49,"column":23},"end":{"line":49,"column":54}},"49":{"start":{"line":50,"column":22},"end":{"line":50,"column":52}},"50":{"start":{"line":51,"column":25},"end":{"line":51,"column":58}},"51":{"start":{"line":52,"column":27},"end":{"line":52,"column":62}},"52":{"start":{"line":53,"column":31},"end":{"line":53,"column":71}},"53":{"start":{"line":54,"column":24},"end":{"line":54,"column":56}},"54":{"start":{"line":55,"column":25},"end":{"line":55,"column":59}},"55":{"start":{"line":56,"column":22},"end":{"line":56,"column":53}},"56":{"start":{"line":57,"column":30},"end":{"line":57,"column":69}},"57":{"start":{"line":58,"column":25},"end":{"line":58,"column":59}},"58":{"start":{"line":59,"column":25},"end":{"line":59,"column":58}},"59":{"start":{"line":60,"column":21},"end":{"line":60,"column":50}},"60":{"start":{"line":61,"column":20},"end":{"line":61,"column":48}},"61":{"start":{"line":62,"column":19},"end":{"line":62,"column":47}},"62":{"start":{"line":63,"column":25},"end":{"line":63,"column":59}},"63":{"start":{"line":64,"column":25},"end":{"line":64,"column":58}},"64":{"start":{"line":65,"column":27},"end":{"line":65,"column":62}},"65":{"start":{"line":66,"column":24},"end":{"line":66,"column":57}},"66":{"start":{"line":67,"column":33},"end":{"line":67,"column":70}},"67":{"start":{"line":68,"column":24},"end":{"line":68,"column":57}},"68":{"start":{"line":69,"column":27},"end":{"line":69,"column":62}},"69":{"start":{"line":70,"column":21},"end":{"line":70,"column":50}},"70":{"start":{"line":71,"column":28},"end":{"line":71,"column":65}},"71":{"start":{"line":72,"column":28},"end":{"line":72,"column":65}},"72":{"start":{"line":73,"column":30},"end":{"line":73,"column":69}},"73":{"start":{"line":74,"column":22},"end":{"line":74,"column":52}},"74":{"start":{"line":75,"column":25},"end":{"line":75,"column":58}},"75":{"start":{"line":76,"column":33},"end":{"line":76,"column":75}},"76":{"start":{"line":77,"column":30},"end":{"line":77,"column":68}},"77":{"start":{"line":78,"column":25},"end":{"line":78,"column":59}},"78":{"start":{"line":79,"column":28},"end":{"line":79,"column":65}},"79":{"start":{"line":80,"column":33},"end":{"line":80,"column":74}},"80":{"start":{"line":81,"column":30},"end":{"line":81,"column":68}},"81":{"start":{"line":82,"column":27},"end":{"line":82,"column":62}},"82":{"start":{"line":83,"column":33},"end":{"line":83,"column":74}},"83":{"start":{"line":84,"column":33},"end":{"line":84,"column":75}},"84":{"start":{"line":85,"column":27},"end":{"line":85,"column":62}},"85":{"start":{"line":86,"column":27},"end":{"line":86,"column":62}},"86":{"start":{"line":87,"column":27},"end":{"line":87,"column":63}},"87":{"start":{"line":88,"column":29},"end":{"line":88,"column":67}},"88":{"start":{"line":89,"column":27},"end":{"line":89,"column":62}},"89":{"start":{"line":90,"column":28},"end":{"line":90,"column":64}},"90":{"start":{"line":91,"column":29},"end":{"line":91,"column":66}},"91":{"start":{"line":92,"column":36},"end":{"line":92,"column":80}},"92":{"start":{"line":93,"column":24},"end":{"line":93,"column":56}},"93":{"start":{"line":94,"column":27},"end":{"line":94,"column":62}},"94":{"start":{"line":95,"column":33},"end":{"line":95,"column":74}},"95":{"start":{"line":96,"column":26},"end":{"line":96,"column":60}},"96":{"start":{"line":97,"column":27},"end":{"line":97,"column":62}},"97":{"start":{"line":98,"column":26},"end":{"line":98,"column":60}},"98":{"start":{"line":99,"column":26},"end":{"line":99,"column":60}},"99":{"start":{"line":100,"column":28},"end":{"line":100,"column":65}},"100":{"start":{"line":101,"column":25},"end":{"line":101,"column":59}},"101":{"start":{"line":102,"column":31},"end":{"line":102,"column":71}},"102":{"start":{"line":103,"column":19},"end":{"line":103,"column":47}},"103":{"start":{"line":104,"column":22},"end":{"line":104,"column":53}},"104":{"start":{"line":105,"column":22},"end":{"line":105,"column":53}},"105":{"start":{"line":106,"column":25},"end":{"line":106,"column":59}},"106":{"start":{"line":107,"column":25},"end":{"line":107,"column":59}},"107":{"start":{"line":108,"column":32},"end":{"line":108,"column":72}},"108":{"start":{"line":109,"column":28},"end":{"line":109,"column":65}},"109":{"start":{"line":110,"column":22},"end":{"line":110,"column":53}},"110":{"start":{"line":111,"column":25},"end":{"line":111,"column":58}},"111":{"start":{"line":112,"column":25},"end":{"line":112,"column":59}},"112":{"start":{"line":113,"column":19},"end":{"line":113,"column":47}}},"fnMap":{},"branchMap":{},"s":{"0":3,"1":3,"2":3,"3":3,"4":3,"5":3,"6":3,"7":3,"8":3,"9":3,"10":3,"11":3,"12":3,"13":3,"14":3,"15":3,"16":3,"17":3,"18":3,"19":3,"20":3,"21":3,"22":3,"23":3,"24":3,"25":3,"26":3,"27":3,"28":3,"29":3,"30":3,"31":3,"32":3,"33":3,"34":3,"35":3,"36":3,"37":3,"38":3,"39":3,"40":3,"41":3,"42":3,"43":3,"44":3,"45":3,"46":3,"47":3,"48":3,"49":3,"50":3,"51":3,"52":3,"53":3,"54":3,"55":3,"56":3,"57":3,"58":3,"59":3,"60":3,"61":3,"62":3,"63":3,"64":3,"65":3,"66":3,"67":3,"68":3,"69":3,"70":3,"71":3,"72":3,"73":3,"74":3,"75":3,"76":3,"77":3,"78":3,"79":3,"80":3,"81":3,"82":3,"83":3,"84":3,"85":3,"86":3,"87":3,"88":3,"89":3,"90":3,"91":3,"92":3,"93":3,"94":3,"95":3,"96":3,"97":3,"98":3,"99":3,"100":3,"101":3,"102":3,"103":3,"104":3,"105":3,"106":3,"107":3,"108":3,"109":3,"110":3,"111":3,"112":3},"f":{},"b":{},"_coverageSchema":"1a1c01bbd47fc00a2c39e90264f33305004495a9","hash":"c25d1c5bb30722372aa9fce5f89db710029c1be7"}
,"/Users/ext-hyd-lap076/Documents/DemoProject/MyProject/Component/CarouselScreen.tsx": {"path":"/Users/ext-hyd-lap076/Documents/DemoProject/MyProject/Component/CarouselScreen.tsx","statementMap":{"0":{"start":{"line":7,"column":16},"end":{"line":28,"column":1}},"1":{"start":{"line":44,"column":8},"end":{"line":44,"column":21}},"2":{"start":{"line":45,"column":8},"end":{"line":47,"column":10}},"3":{"start":{"line":49,"column":8},"end":{"line":49,"column":45}},"4":{"start":{"line":54,"column":19},"end":{"line":57,"column":5}},"5":{"start":{"line":55,"column":8},"end":{"line":55,"column":62}},"6":{"start":{"line":59,"column":17},"end":{"line":92,"column":5}},"7":{"start":{"line":60,"column":8},"end":{"line":91,"column":10}},"8":{"start":{"line":68,"column":28},"end":{"line":68,"column":67}},"9":{"start":{"line":77,"column":41},"end":{"line":77,"column":76}},"10":{"start":{"line":94,"column":21},"end":{"line":99,"column":5}},"11":{"start":{"line":95,"column":32},"end":{"line":95,"column":42}},"12":{"start":{"line":96,"column":26},"end":{"line":96,"column":60}},"13":{"start":{"line":97,"column":8},"end":{"line":97,"column":50}},"14":{"start":{"line":98,"column":8},"end":{"line":98,"column":38}},"15":{"start":{"line":102,"column":32},"end":{"line":102,"column":42}},"16":{"start":{"line":103,"column":8},"end":{"line":129,"column":10}},"17":{"start":{"line":133,"column":8},"end":{"line":148,"column":10}},"18":{"start":{"line":141,"column":50},"end":{"line":141,"column":87}},"19":{"start":{"line":152,"column":15},"end":{"line":225,"column":2}}},"fnMap":{"0":{"name":"(anonymous_0)","decl":{"start":{"line":43,"column":4},"end":{"line":43,"column":5}},"loc":{"start":{"line":43,"column":42},"end":{"line":50,"column":5}},"line":43},"1":{"name":"(anonymous_1)","decl":{"start":{"line":54,"column":19},"end":{"line":54,"column":20}},"loc":{"start":{"line":54,"column":35},"end":{"line":57,"column":5}},"line":54},"2":{"name":"(anonymous_2)","decl":{"start":{"line":59,"column":17},"end":{"line":59,"column":18}},"loc":{"start":{"line":59,"column":31},"end":{"line":92,"column":5}},"line":59},"3":{"name":"(anonymous_3)","decl":{"start":{"line":67,"column":33},"end":{"line":67,"column":34}},"loc":{"start":{"line":67,"column":39},"end":{"line":69,"column":25}},"line":67},"4":{"name":"(anonymous_4)","decl":{"start":{"line":77,"column":33},"end":{"line":77,"column":34}},"loc":{"start":{"line":77,"column":39},"end":{"line":77,"column":78}},"line":77},"5":{"name":"(anonymous_5)","decl":{"start":{"line":94,"column":21},"end":{"line":94,"column":22}},"loc":{"start":{"line":94,"column":27},"end":{"line":99,"column":5}},"line":94},"6":{"name":"(anonymous_6)","decl":{"start":{"line":101,"column":4},"end":{"line":101,"column":5}},"loc":{"start":{"line":101,"column":21},"end":{"line":130,"column":5}},"line":101},"7":{"name":"(anonymous_7)","decl":{"start":{"line":132,"column":4},"end":{"line":132,"column":5}},"loc":{"start":{"line":132,"column":13},"end":{"line":149,"column":5}},"line":132},"8":{"name":"(anonymous_8)","decl":{"start":{"line":141,"column":34},"end":{"line":141,"column":35}},"loc":{"start":{"line":141,"column":50},"end":{"line":141,"column":87}},"line":141}},"branchMap":{},"s":{"0":1,"1":1,"2":1,"3":1,"4":1,"5":0,"6":1,"7":0,"8":0,"9":0,"10":1,"11":0,"12":0,"13":0,"14":0,"15":1,"16":1,"17":1,"18":0,"19":1},"f":{"0":1,"1":0,"2":0,"3":0,"4":0,"5":0,"6":1,"7":1,"8":0},"b":{},"_coverageSchema":"1a1c01bbd47fc00a2c39e90264f33305004495a9","hash":"421866be972e2824a060ae422326377be36d36f9"}
,"/Users/ext-hyd-lap076/Documents/DemoProject/MyProject/Component/Cart.tsx": {"path":"/Users/ext-hyd-lap076/Documents/DemoProject/MyProject/Component/Cart.tsx","statementMap":{"0":{"start":{"line":21,"column":8},"end":{"line":21,"column":21}},"1":{"start":{"line":22,"column":8},"end":{"line":30,"column":10}},"2":{"start":{"line":33,"column":22},"end":{"line":37,"column":5}},"3":{"start":{"line":34,"column":8},"end":{"line":36,"column":12}},"4":{"start":{"line":34,"column":36},"end":{"line":36,"column":9}},"5":{"start":{"line":39,"column":22},"end":{"line":43,"column":5}},"6":{"start":{"line":40,"column":8},"end":{"line":42,"column":12}},"7":{"start":{"line":40,"column":36},"end":{"line":42,"column":9}},"8":{"start":{"line":45,"column":21},"end":{"line":47,"column":5}},"9":{"start":{"line":46,"column":8},"end":{"line":46,"column":56}},"10":{"start":{"line":49,"column":26},"end":{"line":87,"column":5}},"11":{"start":{"line":50,"column":26},"end":{"line":50,"column":36}},"12":{"start":{"line":51,"column":8},"end":{"line":86,"column":10}},"13":{"start":{"line":92,"column":8},"end":{"line":114,"column":10}},"14":{"start":{"line":103,"column":48},"end":{"line":103,"column":66}},"15":{"start":{"line":118,"column":15},"end":{"line":233,"column":2}}},"fnMap":{"0":{"name":"(anonymous_0)","decl":{"start":{"line":20,"column":4},"end":{"line":20,"column":5}},"loc":{"start":{"line":20,"column":42},"end":{"line":31,"column":5}},"line":20},"1":{"name":"(anonymous_1)","decl":{"start":{"line":33,"column":22},"end":{"line":33,"column":23}},"loc":{"start":{"line":33,"column":28},"end":{"line":37,"column":5}},"line":33},"2":{"name":"(anonymous_2)","decl":{"start":{"line":34,"column":22},"end":{"line":34,"column":23}},"loc":{"start":{"line":34,"column":36},"end":{"line":36,"column":9}},"line":34},"3":{"name":"(anonymous_3)","decl":{"start":{"line":39,"column":22},"end":{"line":39,"column":23}},"loc":{"start":{"line":39,"column":28},"end":{"line":43,"column":5}},"line":39},"4":{"name":"(anonymous_4)","decl":{"start":{"line":40,"column":22},"end":{"line":40,"column":23}},"loc":{"start":{"line":40,"column":36},"end":{"line":42,"column":9}},"line":40},"5":{"name":"(anonymous_5)","decl":{"start":{"line":45,"column":21},"end":{"line":45,"column":22}},"loc":{"start":{"line":45,"column":27},"end":{"line":47,"column":5}},"line":45},"6":{"name":"(anonymous_6)","decl":{"start":{"line":49,"column":26},"end":{"line":49,"column":27}},"loc":{"start":{"line":49,"column":47},"end":{"line":87,"column":5}},"line":49},"7":{"name":"(anonymous_7)","decl":{"start":{"line":91,"column":4},"end":{"line":91,"column":5}},"loc":{"start":{"line":91,"column":13},"end":{"line":115,"column":5}},"line":91},"8":{"name":"(anonymous_8)","decl":{"start":{"line":103,"column":38},"end":{"line":103,"column":39}},"loc":{"start":{"line":103,"column":48},"end":{"line":103,"column":66}},"line":103}},"branchMap":{},"s":{"0":2,"1":2,"2":2,"3":1,"4":1,"5":2,"6":1,"7":1,"8":2,"9":0,"10":2,"11":12,"12":12,"13":4,"14":12,"15":1},"f":{"0":2,"1":1,"2":1,"3":1,"4":1,"5":0,"6":12,"7":4,"8":12},"b":{},"_coverageSchema":"1a1c01bbd47fc00a2c39e90264f33305004495a9","hash":"c8388fe403fce4666990d8d1cd242ec53eea7d6a"}
,"/Users/ext-hyd-lap076/Documents/DemoProject/MyProject/Component/Scale.tsx": {"path":"/Users/ext-hyd-lap076/Documents/DemoProject/MyProject/Component/Scale.tsx","statementMap":{"0":{"start":{"line":4,"column":22},"end":{"line":4,"column":25}},"1":{"start":{"line":5,"column":21},"end":{"line":5,"column":24}},"2":{"start":{"line":7,"column":37},"end":{"line":7,"column":61}},"3":{"start":{"line":8,"column":0},"end":{"line":8,"column":40}},"4":{"start":{"line":14,"column":2},"end":{"line":14,"column":40}},"5":{"start":{"line":17,"column":22},"end":{"line":17,"column":71}},"6":{"start":{"line":17,"column":40},"end":{"line":17,"column":71}},"7":{"start":{"line":18,"column":24},"end":{"line":18,"column":71}},"8":{"start":{"line":18,"column":42},"end":{"line":18,"column":71}},"9":{"start":{"line":19,"column":19},"end":{"line":19,"column":55}},"10":{"start":{"line":19,"column":38},"end":{"line":19,"column":54}}},"fnMap":{"0":{"name":"(anonymous_0)","decl":{"start":{"line":13,"column":15},"end":{"line":13,"column":16}},"loc":{"start":{"line":13,"column":36},"end":{"line":15,"column":1}},"line":13},"1":{"name":"(anonymous_1)","decl":{"start":{"line":17,"column":22},"end":{"line":17,"column":23}},"loc":{"start":{"line":17,"column":40},"end":{"line":17,"column":71}},"line":17},"2":{"name":"(anonymous_2)","decl":{"start":{"line":18,"column":24},"end":{"line":18,"column":25}},"loc":{"start":{"line":18,"column":42},"end":{"line":18,"column":71}},"line":18},"3":{"name":"(anonymous_3)","decl":{"start":{"line":19,"column":19},"end":{"line":19,"column":20}},"loc":{"start":{"line":19,"column":38},"end":{"line":19,"column":54}},"line":19}},"branchMap":{"0":{"loc":{"start":{"line":13,"column":25},"end":{"line":13,"column":34}},"type":"default-arg","locations":[{"start":{"line":13,"column":33},"end":{"line":13,"column":34}}],"line":13}},"s":{"0":3,"1":3,"2":3,"3":3,"4":79,"5":3,"6":0,"7":3,"8":0,"9":3,"10":0},"f":{"0":79,"1":0,"2":0,"3":0},"b":{"0":[0]},"_coverageSchema":"1a1c01bbd47fc00a2c39e90264f33305004495a9","hash":"3ce7c49612b4530b183247a1a8ffda7d59ef2849"}
,"/Users/ext-hyd-lap076/Documents/DemoProject/MyProject/Component/Splash.tsx": {"path":"/Users/ext-hyd-lap076/Documents/DemoProject/MyProject/Component/Splash.tsx","statementMap":{"0":{"start":{"line":13,"column":8},"end":{"line":15,"column":17}},"1":{"start":{"line":14,"column":10},"end":{"line":14,"column":59}},"2":{"start":{"line":19,"column":8},"end":{"line":33,"column":10}},"3":{"start":{"line":37,"column":15},"end":{"line":61,"column":2}}},"fnMap":{"0":{"name":"(anonymous_0)","decl":{"start":{"line":12,"column":4},"end":{"line":12,"column":5}},"loc":{"start":{"line":12,"column":24},"end":{"line":16,"column":7}},"line":12},"1":{"name":"(anonymous_1)","decl":{"start":{"line":13,"column":19},"end":{"line":13,"column":20}},"loc":{"start":{"line":13,"column":25},"end":{"line":15,"column":9}},"line":13},"2":{"name":"(anonymous_2)","decl":{"start":{"line":18,"column":4},"end":{"line":18,"column":5}},"loc":{"start":{"line":18,"column":13},"end":{"line":34,"column":5}},"line":18}},"branchMap":{},"s":{"0":2,"1":2,"2":2,"3":1},"f":{"0":2,"1":2,"2":2},"b":{},"_coverageSchema":"1a1c01bbd47fc00a2c39e90264f33305004495a9","hash":"563225b0c562da41e7af5b3e3563780c98dd5975"}
,"/Users/ext-hyd-lap076/Documents/DemoProject/MyProject/Component/Assets/Address.png": {"path":"/Users/ext-hyd-lap076/Documents/DemoProject/MyProject/Component/Assets/Address.png","statementMap":{"0":{"start":{"line":1,"column":0},"end":{"line":4,"column":6}}},"fnMap":{},"branchMap":{},"s":{"0":3},"f":{},"b":{},"_coverageSchema":"1a1c01bbd47fc00a2c39e90264f33305004495a9","hash":"190e7ffb89c0706158ba5ee3f15f3592165a97da"}
,"/Users/ext-hyd-lap076/Documents/DemoProject/MyProject/Component/Assets/AddressMap.png": {"path":"/Users/ext-hyd-lap076/Documents/DemoProject/MyProject/Component/Assets/AddressMap.png","statementMap":{"0":{"start":{"line":1,"column":0},"end":{"line":4,"column":6}}},"fnMap":{},"branchMap":{},"s":{"0":3},"f":{},"b":{},"_coverageSchema":"1a1c01bbd47fc00a2c39e90264f33305004495a9","hash":"8856214adf2d8b02875e4060d1f210cb6505a971"}
,"/Users/ext-hyd-lap076/Documents/DemoProject/MyProject/Component/Assets/AdressSaveBtn.png": {"path":"/Users/ext-hyd-lap076/Documents/DemoProject/MyProject/Component/Assets/AdressSaveBtn.png","statementMap":{"0":{"start":{"line":1,"column":0},"end":{"line":4,"column":6}}},"fnMap":{},"branchMap":{},"s":{"0":3},"f":{},"b":{},"_coverageSchema":"1a1c01bbd47fc00a2c39e90264f33305004495a9","hash":"f28e4a72fa8226d50d9403361c5a17eb412b780b"}
,"/Users/ext-hyd-lap076/Documents/DemoProject/MyProject/Component/Assets/BackBtn.png": {"path":"/Users/ext-hyd-lap076/Documents/DemoProject/MyProject/Component/Assets/BackBtn.png","statementMap":{"0":{"start":{"line":1,"column":0},"end":{"line":4,"column":6}}},"fnMap":{},"branchMap":{},"s":{"0":3},"f":{},"b":{},"_coverageSchema":"1a1c01bbd47fc00a2c39e90264f33305004495a9","hash":"76d889975a973e9bb1edca69163ce6077d4118a8"}
,"/Users/ext-hyd-lap076/Documents/DemoProject/MyProject/Component/Assets/Bell.png": {"path":"/Users/ext-hyd-lap076/Documents/DemoProject/MyProject/Component/Assets/Bell.png","statementMap":{"0":{"start":{"line":1,"column":0},"end":{"line":4,"column":6}}},"fnMap":{},"branchMap":{},"s":{"0":3},"f":{},"b":{},"_coverageSchema":"1a1c01bbd47fc00a2c39e90264f33305004495a9","hash":"6d6e0d8093c945d48ba2f8265d9c87b86ee2a60e"}
,"/Users/ext-hyd-lap076/Documents/DemoProject/MyProject/Component/Assets/BestChoice.png": {"path":"/Users/ext-hyd-lap076/Documents/DemoProject/MyProject/Component/Assets/BestChoice.png","statementMap":{"0":{"start":{"line":1,"column":0},"end":{"line":4,"column":6}}},"fnMap":{},"branchMap":{},"s":{"0":3},"f":{},"b":{},"_coverageSchema":"1a1c01bbd47fc00a2c39e90264f33305004495a9","hash":"1ac21ef63086c188166ae041d42451f99280b259"}
,"/Users/ext-hyd-lap076/Documents/DemoProject/MyProject/Component/Assets/BestOfferBanners.png": {"path":"/Users/ext-hyd-lap076/Documents/DemoProject/MyProject/Component/Assets/BestOfferBanners.png","statementMap":{"0":{"start":{"line":1,"column":0},"end":{"line":4,"column":6}}},"fnMap":{},"branchMap":{},"s":{"0":3},"f":{},"b":{},"_coverageSchema":"1a1c01bbd47fc00a2c39e90264f33305004495a9","hash":"ef9e77290a93e08ef98698a7d5949fdb1d039c16"}
,"/Users/ext-hyd-lap076/Documents/DemoProject/MyProject/Component/Assets/Burgir.png": {"path":"/Users/ext-hyd-lap076/Documents/DemoProject/MyProject/Component/Assets/Burgir.png","statementMap":{"0":{"start":{"line":1,"column":0},"end":{"line":4,"column":6}}},"fnMap":{},"branchMap":{},"s":{"0":3},"f":{},"b":{},"_coverageSchema":"1a1c01bbd47fc00a2c39e90264f33305004495a9","hash":"d7a9945f15ff7ce65c7a2433c2b0d3d8c3e2060d"}
,"/Users/ext-hyd-lap076/Documents/DemoProject/MyProject/Component/Assets/Car.png": {"path":"/Users/ext-hyd-lap076/Documents/DemoProject/MyProject/Component/Assets/Car.png","statementMap":{"0":{"start":{"line":1,"column":0},"end":{"line":4,"column":6}}},"fnMap":{},"branchMap":{},"s":{"0":3},"f":{},"b":{},"_coverageSchema":"1a1c01bbd47fc00a2c39e90264f33305004495a9","hash":"1f11d01aa2c7c7cf8fcbabfe50694e64090a3f71"}
,"/Users/ext-hyd-lap076/Documents/DemoProject/MyProject/Component/Assets/Cart.png": {"path":"/Users/ext-hyd-lap076/Documents/DemoProject/MyProject/Component/Assets/Cart.png","statementMap":{"0":{"start":{"line":1,"column":0},"end":{"line":4,"column":6}}},"fnMap":{},"branchMap":{},"s":{"0":3},"f":{},"b":{},"_coverageSchema":"1a1c01bbd47fc00a2c39e90264f33305004495a9","hash":"e52b938f4c0f54827e6fd23661ab113487248bb0"}
,"/Users/ext-hyd-lap076/Documents/DemoProject/MyProject/Component/Assets/ChcekoutBtn.png": {"path":"/Users/ext-hyd-lap076/Documents/DemoProject/MyProject/Component/Assets/ChcekoutBtn.png","statementMap":{"0":{"start":{"line":1,"column":0},"end":{"line":4,"column":6}}},"fnMap":{},"branchMap":{},"s":{"0":3},"f":{},"b":{},"_coverageSchema":"1a1c01bbd47fc00a2c39e90264f33305004495a9","hash":"05dea00f1216e61ef7039644f3844d4c020b7ec3"}
,"/Users/ext-hyd-lap076/Documents/DemoProject/MyProject/Component/Assets/Checkbox.png": {"path":"/Users/ext-hyd-lap076/Documents/DemoProject/MyProject/Component/Assets/Checkbox.png","statementMap":{"0":{"start":{"line":1,"column":0},"end":{"line":4,"column":6}}},"fnMap":{},"branchMap":{},"s":{"0":3},"f":{},"b":{},"_coverageSchema":"1a1c01bbd47fc00a2c39e90264f33305004495a9","hash":"5b2e3b0b571bdc5adca5f5cfea968c874f1d95f7"}
,"/Users/ext-hyd-lap076/Documents/DemoProject/MyProject/Component/Assets/Chef.png": {"path":"/Users/ext-hyd-lap076/Documents/DemoProject/MyProject/Component/Assets/Chef.png","statementMap":{"0":{"start":{"line":1,"column":0},"end":{"line":4,"column":6}}},"fnMap":{},"branchMap":{},"s":{"0":3},"f":{},"b":{},"_coverageSchema":"1a1c01bbd47fc00a2c39e90264f33305004495a9","hash":"1680c5e609bfe889f99bacd14eb8d7b2d99d4055"}
,"/Users/ext-hyd-lap076/Documents/DemoProject/MyProject/Component/Assets/Contact.png": {"path":"/Users/ext-hyd-lap076/Documents/DemoProject/MyProject/Component/Assets/Contact.png","statementMap":{"0":{"start":{"line":1,"column":0},"end":{"line":4,"column":6}}},"fnMap":{},"branchMap":{},"s":{"0":3},"f":{},"b":{},"_coverageSchema":"1a1c01bbd47fc00a2c39e90264f33305004495a9","hash":"06079aa073f5d1a14968356e6a33383675d1365c"}
,"/Users/ext-hyd-lap076/Documents/DemoProject/MyProject/Component/Assets/ContinueBtn.png": {"path":"/Users/ext-hyd-lap076/Documents/DemoProject/MyProject/Component/Assets/ContinueBtn.png","statementMap":{"0":{"start":{"line":1,"column":0},"end":{"line":4,"column":6}}},"fnMap":{},"branchMap":{},"s":{"0":3},"f":{},"b":{},"_coverageSchema":"1a1c01bbd47fc00a2c39e90264f33305004495a9","hash":"e4c05e40f6457a898244990f66a5c2894973ad8d"}
,"/Users/ext-hyd-lap076/Documents/DemoProject/MyProject/Component/Assets/Creditcard.png": {"path":"/Users/ext-hyd-lap076/Documents/DemoProject/MyProject/Component/Assets/Creditcard.png","statementMap":{"0":{"start":{"line":1,"column":0},"end":{"line":4,"column":6}}},"fnMap":{},"branchMap":{},"s":{"0":3},"f":{},"b":{},"_coverageSchema":"1a1c01bbd47fc00a2c39e90264f33305004495a9","hash":"ab987d4bb4992c3e45c812eb0a35fb9c6d67da8a"}
,"/Users/ext-hyd-lap076/Documents/DemoProject/MyProject/Component/Assets/Cross.png": {"path":"/Users/ext-hyd-lap076/Documents/DemoProject/MyProject/Component/Assets/Cross.png","statementMap":{"0":{"start":{"line":1,"column":0},"end":{"line":4,"column":6}}},"fnMap":{},"branchMap":{},"s":{"0":3},"f":{},"b":{},"_coverageSchema":"1a1c01bbd47fc00a2c39e90264f33305004495a9","hash":"5987c68c32325d1fc281924e675c17625c320bed"}
,"/Users/ext-hyd-lap076/Documents/DemoProject/MyProject/Component/Assets/DOWN.png": {"path":"/Users/ext-hyd-lap076/Documents/DemoProject/MyProject/Component/Assets/DOWN.png","statementMap":{"0":{"start":{"line":1,"column":0},"end":{"line":4,"column":6}}},"fnMap":{},"branchMap":{},"s":{"0":3},"f":{},"b":{},"_coverageSchema":"1a1c01bbd47fc00a2c39e90264f33305004495a9","hash":"003af8a74e58aec3697b48183b9709aa36c63c39"}
,"/Users/ext-hyd-lap076/Documents/DemoProject/MyProject/Component/Assets/Delete.png": {"path":"/Users/ext-hyd-lap076/Documents/DemoProject/MyProject/Component/Assets/Delete.png","statementMap":{"0":{"start":{"line":1,"column":0},"end":{"line":4,"column":6}}},"fnMap":{},"branchMap":{},"s":{"0":3},"f":{},"b":{},"_coverageSchema":"1a1c01bbd47fc00a2c39e90264f33305004495a9","hash":"580471f0ca2c4dc180564affbb0d80540508f5f2"}
,"/Users/ext-hyd-lap076/Documents/DemoProject/MyProject/Component/Assets/DeliciousPizza.png": {"path":"/Users/ext-hyd-lap076/Documents/DemoProject/MyProject/Component/Assets/DeliciousPizza.png","statementMap":{"0":{"start":{"line":1,"column":0},"end":{"line":4,"column":6}}},"fnMap":{},"branchMap":{},"s":{"0":3},"f":{},"b":{},"_coverageSchema":"1a1c01bbd47fc00a2c39e90264f33305004495a9","hash":"cbf0dd68fe5adcb2d5c72ea71af140884e727d08"}
,"/Users/ext-hyd-lap076/Documents/DemoProject/MyProject/Component/Assets/DishIcon.png": {"path":"/Users/ext-hyd-lap076/Documents/DemoProject/MyProject/Component/Assets/DishIcon.png","statementMap":{"0":{"start":{"line":1,"column":0},"end":{"line":4,"column":6}}},"fnMap":{},"branchMap":{},"s":{"0":3},"f":{},"b":{},"_coverageSchema":"1a1c01bbd47fc00a2c39e90264f33305004495a9","hash":"28d10cf62f33f77d5e875c09ef1885d6c01d3790"}
,"/Users/ext-hyd-lap076/Documents/DemoProject/MyProject/Component/Assets/EditProfile.png": {"path":"/Users/ext-hyd-lap076/Documents/DemoProject/MyProject/Component/Assets/EditProfile.png","statementMap":{"0":{"start":{"line":1,"column":0},"end":{"line":4,"column":6}}},"fnMap":{},"branchMap":{},"s":{"0":3},"f":{},"b":{},"_coverageSchema":"1a1c01bbd47fc00a2c39e90264f33305004495a9","hash":"d109d680bb406744072dd652a332f4c9b78ae69a"}
,"/Users/ext-hyd-lap076/Documents/DemoProject/MyProject/Component/Assets/Ellipsebowl.png": {"path":"/Users/ext-hyd-lap076/Documents/DemoProject/MyProject/Component/Assets/Ellipsebowl.png","statementMap":{"0":{"start":{"line":1,"column":0},"end":{"line":4,"column":6}}},"fnMap":{},"branchMap":{},"s":{"0":3},"f":{},"b":{},"_coverageSchema":"1a1c01bbd47fc00a2c39e90264f33305004495a9","hash":"2e5c5481761a5f992d16eedde08e87ea3435353f"}
,"/Users/ext-hyd-lap076/Documents/DemoProject/MyProject/Component/Assets/Email.png": {"path":"/Users/ext-hyd-lap076/Documents/DemoProject/MyProject/Component/Assets/Email.png","statementMap":{"0":{"start":{"line":1,"column":0},"end":{"line":4,"column":6}}},"fnMap":{},"branchMap":{},"s":{"0":3},"f":{},"b":{},"_coverageSchema":"1a1c01bbd47fc00a2c39e90264f33305004495a9","hash":"e9c408e5c4b41393ae8f10f47a2704d79fb21415"}
,"/Users/ext-hyd-lap076/Documents/DemoProject/MyProject/Component/Assets/Favourite.png": {"path":"/Users/ext-hyd-lap076/Documents/DemoProject/MyProject/Component/Assets/Favourite.png","statementMap":{"0":{"start":{"line":1,"column":0},"end":{"line":4,"column":6}}},"fnMap":{},"branchMap":{},"s":{"0":3},"f":{},"b":{},"_coverageSchema":"1a1c01bbd47fc00a2c39e90264f33305004495a9","hash":"90918454c7de4fc7b8a7034863dde821b60bc053"}
,"/Users/ext-hyd-lap076/Documents/DemoProject/MyProject/Component/Assets/Flag.png": {"path":"/Users/ext-hyd-lap076/Documents/DemoProject/MyProject/Component/Assets/Flag.png","statementMap":{"0":{"start":{"line":1,"column":0},"end":{"line":4,"column":6}}},"fnMap":{},"branchMap":{},"s":{"0":3},"f":{},"b":{},"_coverageSchema":"1a1c01bbd47fc00a2c39e90264f33305004495a9","hash":"51718d3f797f2b395bcae096d86c92997d341cd6"}
,"/Users/ext-hyd-lap076/Documents/DemoProject/MyProject/Component/Assets/Food.png": {"path":"/Users/ext-hyd-lap076/Documents/DemoProject/MyProject/Component/Assets/Food.png","statementMap":{"0":{"start":{"line":1,"column":0},"end":{"line":4,"column":6}}},"fnMap":{},"branchMap":{},"s":{"0":3},"f":{},"b":{},"_coverageSchema":"1a1c01bbd47fc00a2c39e90264f33305004495a9","hash":"1bb46e86f4f1d5549a8d8ce0cc88ae5ed39320f1"}
,"/Users/ext-hyd-lap076/Documents/DemoProject/MyProject/Component/Assets/Gallery.png": {"path":"/Users/ext-hyd-lap076/Documents/DemoProject/MyProject/Component/Assets/Gallery.png","statementMap":{"0":{"start":{"line":1,"column":0},"end":{"line":4,"column":6}}},"fnMap":{},"branchMap":{},"s":{"0":3},"f":{},"b":{},"_coverageSchema":"1a1c01bbd47fc00a2c39e90264f33305004495a9","hash":"cefc32fa3b5f8efca371fd0f24d5634c62d396de"}
,"/Users/ext-hyd-lap076/Documents/DemoProject/MyProject/Component/Assets/GroupPizza.png": {"path":"/Users/ext-hyd-lap076/Documents/DemoProject/MyProject/Component/Assets/GroupPizza.png","statementMap":{"0":{"start":{"line":1,"column":0},"end":{"line":4,"column":6}}},"fnMap":{},"branchMap":{},"s":{"0":3},"f":{},"b":{},"_coverageSchema":"1a1c01bbd47fc00a2c39e90264f33305004495a9","hash":"e5046ace9002a80a33e80139d30f61e905d06fc6"}
,"/Users/ext-hyd-lap076/Documents/DemoProject/MyProject/Component/Assets/Home.png": {"path":"/Users/ext-hyd-lap076/Documents/DemoProject/MyProject/Component/Assets/Home.png","statementMap":{"0":{"start":{"line":1,"column":0},"end":{"line":4,"column":6}}},"fnMap":{},"branchMap":{},"s":{"0":3},"f":{},"b":{},"_coverageSchema":"1a1c01bbd47fc00a2c39e90264f33305004495a9","hash":"059ea475fe11935d553582adfb65a419f6b62dc1"}
,"/Users/ext-hyd-lap076/Documents/DemoProject/MyProject/Component/Assets/LeftArrow.png": {"path":"/Users/ext-hyd-lap076/Documents/DemoProject/MyProject/Component/Assets/LeftArrow.png","statementMap":{"0":{"start":{"line":1,"column":0},"end":{"line":4,"column":6}}},"fnMap":{},"branchMap":{},"s":{"0":3},"f":{},"b":{},"_coverageSchema":"1a1c01bbd47fc00a2c39e90264f33305004495a9","hash":"a37c680196bec166fc3d59ff98b05b8b750b26eb"}
,"/Users/ext-hyd-lap076/Documents/DemoProject/MyProject/Component/Assets/Location.png": {"path":"/Users/ext-hyd-lap076/Documents/DemoProject/MyProject/Component/Assets/Location.png","statementMap":{"0":{"start":{"line":1,"column":0},"end":{"line":4,"column":6}}},"fnMap":{},"branchMap":{},"s":{"0":3},"f":{},"b":{},"_coverageSchema":"1a1c01bbd47fc00a2c39e90264f33305004495a9","hash":"91b8e400b05e3396cc57c6032a63faff84b70251"}
,"/Users/ext-hyd-lap076/Documents/DemoProject/MyProject/Component/Assets/Logout.png": {"path":"/Users/ext-hyd-lap076/Documents/DemoProject/MyProject/Component/Assets/Logout.png","statementMap":{"0":{"start":{"line":1,"column":0},"end":{"line":4,"column":6}}},"fnMap":{},"branchMap":{},"s":{"0":3},"f":{},"b":{},"_coverageSchema":"1a1c01bbd47fc00a2c39e90264f33305004495a9","hash":"01b281bc3b35b48afd96225de1f2f2dc06f027cc"}
,"/Users/ext-hyd-lap076/Documents/DemoProject/MyProject/Component/Assets/Mails.png": {"path":"/Users/ext-hyd-lap076/Documents/DemoProject/MyProject/Component/Assets/Mails.png","statementMap":{"0":{"start":{"line":1,"column":0},"end":{"line":4,"column":6}}},"fnMap":{},"branchMap":{},"s":{"0":3},"f":{},"b":{},"_coverageSchema":"1a1c01bbd47fc00a2c39e90264f33305004495a9","hash":"9b1f0905f81c415ea7818a3b8fa9715ccb328c03"}
,"/Users/ext-hyd-lap076/Documents/DemoProject/MyProject/Component/Assets/MapView.png": {"path":"/Users/ext-hyd-lap076/Documents/DemoProject/MyProject/Component/Assets/MapView.png","statementMap":{"0":{"start":{"line":1,"column":0},"end":{"line":4,"column":6}}},"fnMap":{},"branchMap":{},"s":{"0":3},"f":{},"b":{},"_coverageSchema":"1a1c01bbd47fc00a2c39e90264f33305004495a9","hash":"e5af7f6ed82510805789755fca4d0021766b420d"}
,"/Users/ext-hyd-lap076/Documents/DemoProject/MyProject/Component/Assets/MyOrderCall.png": {"path":"/Users/ext-hyd-lap076/Documents/DemoProject/MyProject/Component/Assets/MyOrderCall.png","statementMap":{"0":{"start":{"line":1,"column":0},"end":{"line":4,"column":6}}},"fnMap":{},"branchMap":{},"s":{"0":3},"f":{},"b":{},"_coverageSchema":"1a1c01bbd47fc00a2c39e90264f33305004495a9","hash":"f92641558147a83760d5aa208c331c13847bba9c"}
,"/Users/ext-hyd-lap076/Documents/DemoProject/MyProject/Component/Assets/NearByRestaurant.png": {"path":"/Users/ext-hyd-lap076/Documents/DemoProject/MyProject/Component/Assets/NearByRestaurant.png","statementMap":{"0":{"start":{"line":1,"column":0},"end":{"line":4,"column":6}}},"fnMap":{},"branchMap":{},"s":{"0":3},"f":{},"b":{},"_coverageSchema":"1a1c01bbd47fc00a2c39e90264f33305004495a9","hash":"977b645b7a12de7d472ac510048505aaa2c2fa7b"}
,"/Users/ext-hyd-lap076/Documents/DemoProject/MyProject/Component/Assets/NotificationBurger.png": {"path":"/Users/ext-hyd-lap076/Documents/DemoProject/MyProject/Component/Assets/NotificationBurger.png","statementMap":{"0":{"start":{"line":1,"column":0},"end":{"line":4,"column":6}}},"fnMap":{},"branchMap":{},"s":{"0":3},"f":{},"b":{},"_coverageSchema":"1a1c01bbd47fc00a2c39e90264f33305004495a9","hash":"9e5c2fa6585bade5b5d13e6e8407998e9d98ac6e"}
,"/Users/ext-hyd-lap076/Documents/DemoProject/MyProject/Component/Assets/Offer.png": {"path":"/Users/ext-hyd-lap076/Documents/DemoProject/MyProject/Component/Assets/Offer.png","statementMap":{"0":{"start":{"line":1,"column":0},"end":{"line":4,"column":6}}},"fnMap":{},"branchMap":{},"s":{"0":3},"f":{},"b":{},"_coverageSchema":"1a1c01bbd47fc00a2c39e90264f33305004495a9","hash":"0a498842fb2de2a061c4eda2ffae4c25691480ce"}
,"/Users/ext-hyd-lap076/Documents/DemoProject/MyProject/Component/Assets/Order.png": {"path":"/Users/ext-hyd-lap076/Documents/DemoProject/MyProject/Component/Assets/Order.png","statementMap":{"0":{"start":{"line":1,"column":0},"end":{"line":4,"column":6}}},"fnMap":{},"branchMap":{},"s":{"0":3},"f":{},"b":{},"_coverageSchema":"1a1c01bbd47fc00a2c39e90264f33305004495a9","hash":"3564076fb1257cf81e89f9146c74225f7e909aac"}
,"/Users/ext-hyd-lap076/Documents/DemoProject/MyProject/Component/Assets/OrderConfirm.png": {"path":"/Users/ext-hyd-lap076/Documents/DemoProject/MyProject/Component/Assets/OrderConfirm.png","statementMap":{"0":{"start":{"line":1,"column":0},"end":{"line":4,"column":6}}},"fnMap":{},"branchMap":{},"s":{"0":3},"f":{},"b":{},"_coverageSchema":"1a1c01bbd47fc00a2c39e90264f33305004495a9","hash":"088491b69b3fe8daf873d885eb9f9312ba6336da"}
,"/Users/ext-hyd-lap076/Documents/DemoProject/MyProject/Component/Assets/OrderProcessed.png": {"path":"/Users/ext-hyd-lap076/Documents/DemoProject/MyProject/Component/Assets/OrderProcessed.png","statementMap":{"0":{"start":{"line":1,"column":0},"end":{"line":4,"column":6}}},"fnMap":{},"branchMap":{},"s":{"0":3},"f":{},"b":{},"_coverageSchema":"1a1c01bbd47fc00a2c39e90264f33305004495a9","hash":"3646b5b0d71c06fc7f095786cb8f99912e273fc1"}
,"/Users/ext-hyd-lap076/Documents/DemoProject/MyProject/Component/Assets/PayNowBtn.png": {"path":"/Users/ext-hyd-lap076/Documents/DemoProject/MyProject/Component/Assets/PayNowBtn.png","statementMap":{"0":{"start":{"line":1,"column":0},"end":{"line":4,"column":6}}},"fnMap":{},"branchMap":{},"s":{"0":3},"f":{},"b":{},"_coverageSchema":"1a1c01bbd47fc00a2c39e90264f33305004495a9","hash":"ebab21b4b24d825cc47cab9487caedb3127d9530"}
,"/Users/ext-hyd-lap076/Documents/DemoProject/MyProject/Component/Assets/Phone.png": {"path":"/Users/ext-hyd-lap076/Documents/DemoProject/MyProject/Component/Assets/Phone.png","statementMap":{"0":{"start":{"line":1,"column":0},"end":{"line":4,"column":6}}},"fnMap":{},"branchMap":{},"s":{"0":3},"f":{},"b":{},"_coverageSchema":"1a1c01bbd47fc00a2c39e90264f33305004495a9","hash":"100bfcaa2d3eaf37c202da8abca17dc7e759db9f"}
,"/Users/ext-hyd-lap076/Documents/DemoProject/MyProject/Component/Assets/Pizza.png": {"path":"/Users/ext-hyd-lap076/Documents/DemoProject/MyProject/Component/Assets/Pizza.png","statementMap":{"0":{"start":{"line":1,"column":0},"end":{"line":4,"column":6}}},"fnMap":{},"branchMap":{},"s":{"0":3},"f":{},"b":{},"_coverageSchema":"1a1c01bbd47fc00a2c39e90264f33305004495a9","hash":"cbec7e02518b5a39a10917cca1ea32ab90fd2c21"}
,"/Users/ext-hyd-lap076/Documents/DemoProject/MyProject/Component/Assets/PizzaBoy.png": {"path":"/Users/ext-hyd-lap076/Documents/DemoProject/MyProject/Component/Assets/PizzaBoy.png","statementMap":{"0":{"start":{"line":1,"column":0},"end":{"line":4,"column":6}}},"fnMap":{},"branchMap":{},"s":{"0":3},"f":{},"b":{},"_coverageSchema":"1a1c01bbd47fc00a2c39e90264f33305004495a9","hash":"b2ec314d8206cdffa4b283492ecf8182dba363ec"}
,"/Users/ext-hyd-lap076/Documents/DemoProject/MyProject/Component/Assets/PrivacyPolicy.png": {"path":"/Users/ext-hyd-lap076/Documents/DemoProject/MyProject/Component/Assets/PrivacyPolicy.png","statementMap":{"0":{"start":{"line":1,"column":0},"end":{"line":4,"column":6}}},"fnMap":{},"branchMap":{},"s":{"0":3},"f":{},"b":{},"_coverageSchema":"1a1c01bbd47fc00a2c39e90264f33305004495a9","hash":"8183da371e0e02ac907758cb3015cafdc90a312b"}
,"/Users/ext-hyd-lap076/Documents/DemoProject/MyProject/Component/Assets/ProfilePic.png": {"path":"/Users/ext-hyd-lap076/Documents/DemoProject/MyProject/Component/Assets/ProfilePic.png","statementMap":{"0":{"start":{"line":1,"column":0},"end":{"line":4,"column":6}}},"fnMap":{},"branchMap":{},"s":{"0":3},"f":{},"b":{},"_coverageSchema":"1a1c01bbd47fc00a2c39e90264f33305004495a9","hash":"f7a9c6fe8f14b81a5052181f3340ddf8132f4c0a"}
,"/Users/ext-hyd-lap076/Documents/DemoProject/MyProject/Component/Assets/ProfileScreen.png": {"path":"/Users/ext-hyd-lap076/Documents/DemoProject/MyProject/Component/Assets/ProfileScreen.png","statementMap":{"0":{"start":{"line":1,"column":0},"end":{"line":4,"column":6}}},"fnMap":{},"branchMap":{},"s":{"0":3},"f":{},"b":{},"_coverageSchema":"1a1c01bbd47fc00a2c39e90264f33305004495a9","hash":"79792abf6c9a6e6d524609ad0039f7f18fc48220"}
,"/Users/ext-hyd-lap076/Documents/DemoProject/MyProject/Component/Assets/ProflHome.png": {"path":"/Users/ext-hyd-lap076/Documents/DemoProject/MyProject/Component/Assets/ProflHome.png","statementMap":{"0":{"start":{"line":1,"column":0},"end":{"line":4,"column":6}}},"fnMap":{},"branchMap":{},"s":{"0":3},"f":{},"b":{},"_coverageSchema":"1a1c01bbd47fc00a2c39e90264f33305004495a9","hash":"963b9231648527df17a3baa9457a5137450924be"}
,"/Users/ext-hyd-lap076/Documents/DemoProject/MyProject/Component/Assets/Rating.png": {"path":"/Users/ext-hyd-lap076/Documents/DemoProject/MyProject/Component/Assets/Rating.png","statementMap":{"0":{"start":{"line":1,"column":0},"end":{"line":4,"column":6}}},"fnMap":{},"branchMap":{},"s":{"0":3},"f":{},"b":{},"_coverageSchema":"1a1c01bbd47fc00a2c39e90264f33305004495a9","hash":"2cc14f72f79e62da8f00af9088ae8ed25d963644"}
,"/Users/ext-hyd-lap076/Documents/DemoProject/MyProject/Component/Assets/ReadyPickup.png": {"path":"/Users/ext-hyd-lap076/Documents/DemoProject/MyProject/Component/Assets/ReadyPickup.png","statementMap":{"0":{"start":{"line":1,"column":0},"end":{"line":4,"column":6}}},"fnMap":{},"branchMap":{},"s":{"0":3},"f":{},"b":{},"_coverageSchema":"1a1c01bbd47fc00a2c39e90264f33305004495a9","hash":"7e58b0e1f49b0d0ce3fca0c408f3460ab7d864f6"}
,"/Users/ext-hyd-lap076/Documents/DemoProject/MyProject/Component/Assets/Register.png": {"path":"/Users/ext-hyd-lap076/Documents/DemoProject/MyProject/Component/Assets/Register.png","statementMap":{"0":{"start":{"line":1,"column":0},"end":{"line":4,"column":6}}},"fnMap":{},"branchMap":{},"s":{"0":3},"f":{},"b":{},"_coverageSchema":"1a1c01bbd47fc00a2c39e90264f33305004495a9","hash":"fe46cebc62166928c7471bc7083517c7dd82d24a"}
,"/Users/ext-hyd-lap076/Documents/DemoProject/MyProject/Component/Assets/Resend.png": {"path":"/Users/ext-hyd-lap076/Documents/DemoProject/MyProject/Component/Assets/Resend.png","statementMap":{"0":{"start":{"line":1,"column":0},"end":{"line":4,"column":6}}},"fnMap":{},"branchMap":{},"s":{"0":3},"f":{},"b":{},"_coverageSchema":"1a1c01bbd47fc00a2c39e90264f33305004495a9","hash":"c2c7b0c011e3a73f5ba5d87f561bc7fc933a43fa"}
,"/Users/ext-hyd-lap076/Documents/DemoProject/MyProject/Component/Assets/Restraunt.png": {"path":"/Users/ext-hyd-lap076/Documents/DemoProject/MyProject/Component/Assets/Restraunt.png","statementMap":{"0":{"start":{"line":1,"column":0},"end":{"line":4,"column":6}}},"fnMap":{},"branchMap":{},"s":{"0":3},"f":{},"b":{},"_coverageSchema":"1a1c01bbd47fc00a2c39e90264f33305004495a9","hash":"52f40c806f1d65a4a69d001653027dcce4cca9ba"}
,"/Users/ext-hyd-lap076/Documents/DemoProject/MyProject/Component/Assets/ReveievBtn.png": {"path":"/Users/ext-hyd-lap076/Documents/DemoProject/MyProject/Component/Assets/ReveievBtn.png","statementMap":{"0":{"start":{"line":1,"column":0},"end":{"line":4,"column":6}}},"fnMap":{},"branchMap":{},"s":{"0":3},"f":{},"b":{},"_coverageSchema":"1a1c01bbd47fc00a2c39e90264f33305004495a9","hash":"d175c7d2afc28d32f8dbe09b5de857e534e73f39"}
,"/Users/ext-hyd-lap076/Documents/DemoProject/MyProject/Component/Assets/ReviewFood.png": {"path":"/Users/ext-hyd-lap076/Documents/DemoProject/MyProject/Component/Assets/ReviewFood.png","statementMap":{"0":{"start":{"line":1,"column":0},"end":{"line":4,"column":6}}},"fnMap":{},"branchMap":{},"s":{"0":3},"f":{},"b":{},"_coverageSchema":"1a1c01bbd47fc00a2c39e90264f33305004495a9","hash":"3f27668f181cb58b504e616486f526d709e7043f"}
,"/Users/ext-hyd-lap076/Documents/DemoProject/MyProject/Component/Assets/ReviewGroupPhoto.png": {"path":"/Users/ext-hyd-lap076/Documents/DemoProject/MyProject/Component/Assets/ReviewGroupPhoto.png","statementMap":{"0":{"start":{"line":1,"column":0},"end":{"line":4,"column":6}}},"fnMap":{},"branchMap":{},"s":{"0":3},"f":{},"b":{},"_coverageSchema":"1a1c01bbd47fc00a2c39e90264f33305004495a9","hash":"ee69c5b82bfb13eeb7c850fe8a6584244804273b"}
,"/Users/ext-hyd-lap076/Documents/DemoProject/MyProject/Component/Assets/ReviewProfile.png": {"path":"/Users/ext-hyd-lap076/Documents/DemoProject/MyProject/Component/Assets/ReviewProfile.png","statementMap":{"0":{"start":{"line":1,"column":0},"end":{"line":4,"column":6}}},"fnMap":{},"branchMap":{},"s":{"0":3},"f":{},"b":{},"_coverageSchema":"1a1c01bbd47fc00a2c39e90264f33305004495a9","hash":"4e7b89465ef12b7b3ea9341face28667ca1d0796"}
,"/Users/ext-hyd-lap076/Documents/DemoProject/MyProject/Component/Assets/RightArr.png": {"path":"/Users/ext-hyd-lap076/Documents/DemoProject/MyProject/Component/Assets/RightArr.png","statementMap":{"0":{"start":{"line":1,"column":0},"end":{"line":4,"column":6}}},"fnMap":{},"branchMap":{},"s":{"0":3},"f":{},"b":{},"_coverageSchema":"1a1c01bbd47fc00a2c39e90264f33305004495a9","hash":"136417b4cf1906d52b851ebeb114876814fbd1fc"}
,"/Users/ext-hyd-lap076/Documents/DemoProject/MyProject/Component/Assets/SaveProfileBtn.png": {"path":"/Users/ext-hyd-lap076/Documents/DemoProject/MyProject/Component/Assets/SaveProfileBtn.png","statementMap":{"0":{"start":{"line":1,"column":0},"end":{"line":4,"column":6}}},"fnMap":{},"branchMap":{},"s":{"0":3},"f":{},"b":{},"_coverageSchema":"1a1c01bbd47fc00a2c39e90264f33305004495a9","hash":"3469bbae61c84e7814239ee19a155cc1b0d6ff36"}
,"/Users/ext-hyd-lap076/Documents/DemoProject/MyProject/Component/Assets/SbiLogo.png": {"path":"/Users/ext-hyd-lap076/Documents/DemoProject/MyProject/Component/Assets/SbiLogo.png","statementMap":{"0":{"start":{"line":1,"column":0},"end":{"line":4,"column":6}}},"fnMap":{},"branchMap":{},"s":{"0":3},"f":{},"b":{},"_coverageSchema":"1a1c01bbd47fc00a2c39e90264f33305004495a9","hash":"094cfba65bb6fa64da46974b79905f4afd55958f"}
,"/Users/ext-hyd-lap076/Documents/DemoProject/MyProject/Component/Assets/Search.png": {"path":"/Users/ext-hyd-lap076/Documents/DemoProject/MyProject/Component/Assets/Search.png","statementMap":{"0":{"start":{"line":1,"column":0},"end":{"line":4,"column":6}}},"fnMap":{},"branchMap":{},"s":{"0":3},"f":{},"b":{},"_coverageSchema":"1a1c01bbd47fc00a2c39e90264f33305004495a9","hash":"f76bd46d1c3e896b501561d80ea0220cc7ab4dac"}
,"/Users/ext-hyd-lap076/Documents/DemoProject/MyProject/Component/Assets/SearchBar.png": {"path":"/Users/ext-hyd-lap076/Documents/DemoProject/MyProject/Component/Assets/SearchBar.png","statementMap":{"0":{"start":{"line":1,"column":0},"end":{"line":4,"column":6}}},"fnMap":{},"branchMap":{},"s":{"0":3},"f":{},"b":{},"_coverageSchema":"1a1c01bbd47fc00a2c39e90264f33305004495a9","hash":"6de85e4d51b16ea3e2fb445980bb4024412e03f7"}
,"/Users/ext-hyd-lap076/Documents/DemoProject/MyProject/Component/Assets/SearchLocation.png": {"path":"/Users/ext-hyd-lap076/Documents/DemoProject/MyProject/Component/Assets/SearchLocation.png","statementMap":{"0":{"start":{"line":1,"column":0},"end":{"line":4,"column":6}}},"fnMap":{},"branchMap":{},"s":{"0":3},"f":{},"b":{},"_coverageSchema":"1a1c01bbd47fc00a2c39e90264f33305004495a9","hash":"fddd657134fecdda0ad4f0c72a16f9962d4d0c75"}
,"/Users/ext-hyd-lap076/Documents/DemoProject/MyProject/Component/Assets/SendOTPbtn.png": {"path":"/Users/ext-hyd-lap076/Documents/DemoProject/MyProject/Component/Assets/SendOTPbtn.png","statementMap":{"0":{"start":{"line":1,"column":0},"end":{"line":4,"column":6}}},"fnMap":{},"branchMap":{},"s":{"0":3},"f":{},"b":{},"_coverageSchema":"1a1c01bbd47fc00a2c39e90264f33305004495a9","hash":"661cd2b41e103894c04a7e0e97a4ea8e613f7b01"}
,"/Users/ext-hyd-lap076/Documents/DemoProject/MyProject/Component/Assets/Splash.png": {"path":"/Users/ext-hyd-lap076/Documents/DemoProject/MyProject/Component/Assets/Splash.png","statementMap":{"0":{"start":{"line":1,"column":0},"end":{"line":4,"column":6}}},"fnMap":{},"branchMap":{},"s":{"0":3},"f":{},"b":{},"_coverageSchema":"1a1c01bbd47fc00a2c39e90264f33305004495a9","hash":"d19832164990141a1f78ade0cb7e9f2242896226"}
,"/Users/ext-hyd-lap076/Documents/DemoProject/MyProject/Component/Assets/Team.png": {"path":"/Users/ext-hyd-lap076/Documents/DemoProject/MyProject/Component/Assets/Team.png","statementMap":{"0":{"start":{"line":1,"column":0},"end":{"line":4,"column":6}}},"fnMap":{},"branchMap":{},"s":{"0":3},"f":{},"b":{},"_coverageSchema":"1a1c01bbd47fc00a2c39e90264f33305004495a9","hash":"6014fa3e006ae5c029ff2367189aa0b58314199f"}
,"/Users/ext-hyd-lap076/Documents/DemoProject/MyProject/Component/Assets/TermsConditions.png": {"path":"/Users/ext-hyd-lap076/Documents/DemoProject/MyProject/Component/Assets/TermsConditions.png","statementMap":{"0":{"start":{"line":1,"column":0},"end":{"line":4,"column":6}}},"fnMap":{},"branchMap":{},"s":{"0":3},"f":{},"b":{},"_coverageSchema":"1a1c01bbd47fc00a2c39e90264f33305004495a9","hash":"091f5a3add965f672d4acb903b7c2a5e379e49c1"}
,"/Users/ext-hyd-lap076/Documents/DemoProject/MyProject/Component/Assets/TrackContact.png": {"path":"/Users/ext-hyd-lap076/Documents/DemoProject/MyProject/Component/Assets/TrackContact.png","statementMap":{"0":{"start":{"line":1,"column":0},"end":{"line":4,"column":6}}},"fnMap":{},"branchMap":{},"s":{"0":3},"f":{},"b":{},"_coverageSchema":"1a1c01bbd47fc00a2c39e90264f33305004495a9","hash":"838f358ada2e57604274c45b0f82823b99e6365d"}
,"/Users/ext-hyd-lap076/Documents/DemoProject/MyProject/Component/Assets/TrackDistance.png": {"path":"/Users/ext-hyd-lap076/Documents/DemoProject/MyProject/Component/Assets/TrackDistance.png","statementMap":{"0":{"start":{"line":1,"column":0},"end":{"line":4,"column":6}}},"fnMap":{},"branchMap":{},"s":{"0":3},"f":{},"b":{},"_coverageSchema":"1a1c01bbd47fc00a2c39e90264f33305004495a9","hash":"08da7ac32802b99f43dffe3756530f1c330bf80d"}
,"/Users/ext-hyd-lap076/Documents/DemoProject/MyProject/Component/Assets/TrackLocationBackBtn.png": {"path":"/Users/ext-hyd-lap076/Documents/DemoProject/MyProject/Component/Assets/TrackLocationBackBtn.png","statementMap":{"0":{"start":{"line":1,"column":0},"end":{"line":4,"column":6}}},"fnMap":{},"branchMap":{},"s":{"0":3},"f":{},"b":{},"_coverageSchema":"1a1c01bbd47fc00a2c39e90264f33305004495a9","hash":"c222d176c3477578665f4de7a49759825f6db507"}
,"/Users/ext-hyd-lap076/Documents/DemoProject/MyProject/Component/Assets/TrackLocationLogo.png": {"path":"/Users/ext-hyd-lap076/Documents/DemoProject/MyProject/Component/Assets/TrackLocationLogo.png","statementMap":{"0":{"start":{"line":1,"column":0},"end":{"line":4,"column":6}}},"fnMap":{},"branchMap":{},"s":{"0":3},"f":{},"b":{},"_coverageSchema":"1a1c01bbd47fc00a2c39e90264f33305004495a9","hash":"c6b6ec04c7be8719c57800bafe3c0a7fc95a086b"}
,"/Users/ext-hyd-lap076/Documents/DemoProject/MyProject/Component/Assets/TrackMap.png": {"path":"/Users/ext-hyd-lap076/Documents/DemoProject/MyProject/Component/Assets/TrackMap.png","statementMap":{"0":{"start":{"line":1,"column":0},"end":{"line":4,"column":6}}},"fnMap":{},"branchMap":{},"s":{"0":3},"f":{},"b":{},"_coverageSchema":"1a1c01bbd47fc00a2c39e90264f33305004495a9","hash":"c995b77e2308a5ac415dfee1cdb8f7c8fcb74f65"}
,"/Users/ext-hyd-lap076/Documents/DemoProject/MyProject/Component/Assets/Userprofile.png": {"path":"/Users/ext-hyd-lap076/Documents/DemoProject/MyProject/Component/Assets/Userprofile.png","statementMap":{"0":{"start":{"line":1,"column":0},"end":{"line":4,"column":6}}},"fnMap":{},"branchMap":{},"s":{"0":3},"f":{},"b":{},"_coverageSchema":"1a1c01bbd47fc00a2c39e90264f33305004495a9","hash":"b6092a69ca998d11cc710df185766a4e8dd82801"}
,"/Users/ext-hyd-lap076/Documents/DemoProject/MyProject/Component/Assets/VectorDelt.png": {"path":"/Users/ext-hyd-lap076/Documents/DemoProject/MyProject/Component/Assets/VectorDelt.png","statementMap":{"0":{"start":{"line":1,"column":0},"end":{"line":4,"column":6}}},"fnMap":{},"branchMap":{},"s":{"0":3},"f":{},"b":{},"_coverageSchema":"1a1c01bbd47fc00a2c39e90264f33305004495a9","hash":"11a1b571ee0788153df395f2a64512baebb194a7"}
,"/Users/ext-hyd-lap076/Documents/DemoProject/MyProject/Component/Assets/Vectoredit.png": {"path":"/Users/ext-hyd-lap076/Documents/DemoProject/MyProject/Component/Assets/Vectoredit.png","statementMap":{"0":{"start":{"line":1,"column":0},"end":{"line":4,"column":6}}},"fnMap":{},"branchMap":{},"s":{"0":3},"f":{},"b":{},"_coverageSchema":"1a1c01bbd47fc00a2c39e90264f33305004495a9","hash":"3a80fb398592029fc6cdc9de54787920d11452fd"}
,"/Users/ext-hyd-lap076/Documents/DemoProject/MyProject/Component/Assets/ViewAll.png": {"path":"/Users/ext-hyd-lap076/Documents/DemoProject/MyProject/Component/Assets/ViewAll.png","statementMap":{"0":{"start":{"line":1,"column":0},"end":{"line":4,"column":6}}},"fnMap":{},"branchMap":{},"s":{"0":3},"f":{},"b":{},"_coverageSchema":"1a1c01bbd47fc00a2c39e90264f33305004495a9","hash":"0753fe8fe09bb088cec238e127079df1172be048"}
,"/Users/ext-hyd-lap076/Documents/DemoProject/MyProject/Component/Assets/biryani.png": {"path":"/Users/ext-hyd-lap076/Documents/DemoProject/MyProject/Component/Assets/biryani.png","statementMap":{"0":{"start":{"line":1,"column":0},"end":{"line":4,"column":6}}},"fnMap":{},"branchMap":{},"s":{"0":3},"f":{},"b":{},"_coverageSchema":"1a1c01bbd47fc00a2c39e90264f33305004495a9","hash":"c02690c113ffee3caf0149cd72699ab70ce60ac8"}
,"/Users/ext-hyd-lap076/Documents/DemoProject/MyProject/Component/Assets/btn.png": {"path":"/Users/ext-hyd-lap076/Documents/DemoProject/MyProject/Component/Assets/btn.png","statementMap":{"0":{"start":{"line":1,"column":0},"end":{"line":4,"column":6}}},"fnMap":{},"branchMap":{},"s":{"0":3},"f":{},"b":{},"_coverageSchema":"1a1c01bbd47fc00a2c39e90264f33305004495a9","hash":"01d3558f15de73302b6ce10cb946bd91658da44e"}
,"/Users/ext-hyd-lap076/Documents/DemoProject/MyProject/Component/Assets/coupenCode.png": {"path":"/Users/ext-hyd-lap076/Documents/DemoProject/MyProject/Component/Assets/coupenCode.png","statementMap":{"0":{"start":{"line":1,"column":0},"end":{"line":4,"column":6}}},"fnMap":{},"branchMap":{},"s":{"0":3},"f":{},"b":{},"_coverageSchema":"1a1c01bbd47fc00a2c39e90264f33305004495a9","hash":"1fe0ac8f992b4ef16876e0437a8bacbc78868b31"}
,"/Users/ext-hyd-lap076/Documents/DemoProject/MyProject/Component/Assets/delievryBoy.png": {"path":"/Users/ext-hyd-lap076/Documents/DemoProject/MyProject/Component/Assets/delievryBoy.png","statementMap":{"0":{"start":{"line":1,"column":0},"end":{"line":4,"column":6}}},"fnMap":{},"branchMap":{},"s":{"0":3},"f":{},"b":{},"_coverageSchema":"1a1c01bbd47fc00a2c39e90264f33305004495a9","hash":"aff22c7900db1c9a9a10e2bb5102921891263083"}
,"/Users/ext-hyd-lap076/Documents/DemoProject/MyProject/Component/Assets/dropdown.png": {"path":"/Users/ext-hyd-lap076/Documents/DemoProject/MyProject/Component/Assets/dropdown.png","statementMap":{"0":{"start":{"line":1,"column":0},"end":{"line":4,"column":6}}},"fnMap":{},"branchMap":{},"s":{"0":3},"f":{},"b":{},"_coverageSchema":"1a1c01bbd47fc00a2c39e90264f33305004495a9","hash":"aef605af598563ce6e7f178a005af6c667f4adaa"}
,"/Users/ext-hyd-lap076/Documents/DemoProject/MyProject/Component/Assets/favouriteDishIcon.png": {"path":"/Users/ext-hyd-lap076/Documents/DemoProject/MyProject/Component/Assets/favouriteDishIcon.png","statementMap":{"0":{"start":{"line":1,"column":0},"end":{"line":4,"column":6}}},"fnMap":{},"branchMap":{},"s":{"0":3},"f":{},"b":{},"_coverageSchema":"1a1c01bbd47fc00a2c39e90264f33305004495a9","hash":"c06d8b50a3085a6220985d51cb39fca37d112164"}
,"/Users/ext-hyd-lap076/Documents/DemoProject/MyProject/Component/Assets/forgotpasscodebg.png": {"path":"/Users/ext-hyd-lap076/Documents/DemoProject/MyProject/Component/Assets/forgotpasscodebg.png","statementMap":{"0":{"start":{"line":1,"column":0},"end":{"line":4,"column":6}}},"fnMap":{},"branchMap":{},"s":{"0":3},"f":{},"b":{},"_coverageSchema":"1a1c01bbd47fc00a2c39e90264f33305004495a9","hash":"ebfa26a99a7e19e09cb5696b881aff59b3e59b1a"}
,"/Users/ext-hyd-lap076/Documents/DemoProject/MyProject/Component/Assets/forgotpasscodebtn.png": {"path":"/Users/ext-hyd-lap076/Documents/DemoProject/MyProject/Component/Assets/forgotpasscodebtn.png","statementMap":{"0":{"start":{"line":1,"column":0},"end":{"line":4,"column":6}}},"fnMap":{},"branchMap":{},"s":{"0":3},"f":{},"b":{},"_coverageSchema":"1a1c01bbd47fc00a2c39e90264f33305004495a9","hash":"134075cedeb66aaba0b1faed3c76b1a6c3b7d44a"}
,"/Users/ext-hyd-lap076/Documents/DemoProject/MyProject/Component/Assets/fvrtBtn.png": {"path":"/Users/ext-hyd-lap076/Documents/DemoProject/MyProject/Component/Assets/fvrtBtn.png","statementMap":{"0":{"start":{"line":1,"column":0},"end":{"line":4,"column":6}}},"fnMap":{},"branchMap":{},"s":{"0":3},"f":{},"b":{},"_coverageSchema":"1a1c01bbd47fc00a2c39e90264f33305004495a9","hash":"d7b4eb7cdf40657f28d0b3af23089f32d86bb266"}
,"/Users/ext-hyd-lap076/Documents/DemoProject/MyProject/Component/Assets/greenOffer.png": {"path":"/Users/ext-hyd-lap076/Documents/DemoProject/MyProject/Component/Assets/greenOffer.png","statementMap":{"0":{"start":{"line":1,"column":0},"end":{"line":4,"column":6}}},"fnMap":{},"branchMap":{},"s":{"0":3},"f":{},"b":{},"_coverageSchema":"1a1c01bbd47fc00a2c39e90264f33305004495a9","hash":"04e7503ac5048e78c6e8694ce16599aa7742d0a1"}
,"/Users/ext-hyd-lap076/Documents/DemoProject/MyProject/Component/Assets/hamburger.png": {"path":"/Users/ext-hyd-lap076/Documents/DemoProject/MyProject/Component/Assets/hamburger.png","statementMap":{"0":{"start":{"line":1,"column":0},"end":{"line":4,"column":6}}},"fnMap":{},"branchMap":{},"s":{"0":3},"f":{},"b":{},"_coverageSchema":"1a1c01bbd47fc00a2c39e90264f33305004495a9","hash":"69e06be5224fe44e7bf73b69d57c6fcd1804f8b3"}
,"/Users/ext-hyd-lap076/Documents/DemoProject/MyProject/Component/Assets/icon.png": {"path":"/Users/ext-hyd-lap076/Documents/DemoProject/MyProject/Component/Assets/icon.png","statementMap":{"0":{"start":{"line":1,"column":0},"end":{"line":4,"column":6}}},"fnMap":{},"branchMap":{},"s":{"0":3},"f":{},"b":{},"_coverageSchema":"1a1c01bbd47fc00a2c39e90264f33305004495a9","hash":"2cd43d8b5af40a6274d45e1c1a66f12d7904afe0"}
,"/Users/ext-hyd-lap076/Documents/DemoProject/MyProject/Component/Assets/imagePicker.png": {"path":"/Users/ext-hyd-lap076/Documents/DemoProject/MyProject/Component/Assets/imagePicker.png","statementMap":{"0":{"start":{"line":1,"column":0},"end":{"line":4,"column":6}}},"fnMap":{},"branchMap":{},"s":{"0":3},"f":{},"b":{},"_coverageSchema":"1a1c01bbd47fc00a2c39e90264f33305004495a9","hash":"abe1b3a8d93d7f1542e0a8b6856055ff2ef3f709"}
,"/Users/ext-hyd-lap076/Documents/DemoProject/MyProject/Component/Assets/leftBackArrow.png": {"path":"/Users/ext-hyd-lap076/Documents/DemoProject/MyProject/Component/Assets/leftBackArrow.png","statementMap":{"0":{"start":{"line":1,"column":0},"end":{"line":4,"column":6}}},"fnMap":{},"branchMap":{},"s":{"0":3},"f":{},"b":{},"_coverageSchema":"1a1c01bbd47fc00a2c39e90264f33305004495a9","hash":"03cf9de40c160d6958a7978982ed902312d3d690"}
,"/Users/ext-hyd-lap076/Documents/DemoProject/MyProject/Component/Assets/locationbtn.png": {"path":"/Users/ext-hyd-lap076/Documents/DemoProject/MyProject/Component/Assets/locationbtn.png","statementMap":{"0":{"start":{"line":1,"column":0},"end":{"line":4,"column":6}}},"fnMap":{},"branchMap":{},"s":{"0":3},"f":{},"b":{},"_coverageSchema":"1a1c01bbd47fc00a2c39e90264f33305004495a9","hash":"e56cfd197c795ff4983a4af60bd9ddab111a8739"}
,"/Users/ext-hyd-lap076/Documents/DemoProject/MyProject/Component/Assets/login.png": {"path":"/Users/ext-hyd-lap076/Documents/DemoProject/MyProject/Component/Assets/login.png","statementMap":{"0":{"start":{"line":1,"column":0},"end":{"line":4,"column":6}}},"fnMap":{},"branchMap":{},"s":{"0":3},"f":{},"b":{},"_coverageSchema":"1a1c01bbd47fc00a2c39e90264f33305004495a9","hash":"944a3499ccbe501d2a203e0f642ba7d227b06e73"}
,"/Users/ext-hyd-lap076/Documents/DemoProject/MyProject/Component/Assets/myOrderHaqmburger.png": {"path":"/Users/ext-hyd-lap076/Documents/DemoProject/MyProject/Component/Assets/myOrderHaqmburger.png","statementMap":{"0":{"start":{"line":1,"column":0},"end":{"line":4,"column":6}}},"fnMap":{},"branchMap":{},"s":{"0":3},"f":{},"b":{},"_coverageSchema":"1a1c01bbd47fc00a2c39e90264f33305004495a9","hash":"a2bd9721959f21e6a6353a9906d217c307a9b95c"}
,"/Users/ext-hyd-lap076/Documents/DemoProject/MyProject/Component/Assets/myOrderResataurant.png": {"path":"/Users/ext-hyd-lap076/Documents/DemoProject/MyProject/Component/Assets/myOrderResataurant.png","statementMap":{"0":{"start":{"line":1,"column":0},"end":{"line":4,"column":6}}},"fnMap":{},"branchMap":{},"s":{"0":3},"f":{},"b":{},"_coverageSchema":"1a1c01bbd47fc00a2c39e90264f33305004495a9","hash":"d1efaaec8aad415b6bcf61f383af802d2ecc9b26"}
,"/Users/ext-hyd-lap076/Documents/DemoProject/MyProject/Component/Assets/navigation.png": {"path":"/Users/ext-hyd-lap076/Documents/DemoProject/MyProject/Component/Assets/navigation.png","statementMap":{"0":{"start":{"line":1,"column":0},"end":{"line":4,"column":6}}},"fnMap":{},"branchMap":{},"s":{"0":3},"f":{},"b":{},"_coverageSchema":"1a1c01bbd47fc00a2c39e90264f33305004495a9","hash":"fbabe4b3b3426ae6e426c6e25ff52d67d401ac83"}
,"/Users/ext-hyd-lap076/Documents/DemoProject/MyProject/Component/Assets/nearbyRestraunt.png": {"path":"/Users/ext-hyd-lap076/Documents/DemoProject/MyProject/Component/Assets/nearbyRestraunt.png","statementMap":{"0":{"start":{"line":1,"column":0},"end":{"line":4,"column":6}}},"fnMap":{},"branchMap":{},"s":{"0":3},"f":{},"b":{},"_coverageSchema":"1a1c01bbd47fc00a2c39e90264f33305004495a9","hash":"74c001a95a0d607fb2727de57abab6c126e67a7f"}
,"/Users/ext-hyd-lap076/Documents/DemoProject/MyProject/Component/Assets/otpmails.png": {"path":"/Users/ext-hyd-lap076/Documents/DemoProject/MyProject/Component/Assets/otpmails.png","statementMap":{"0":{"start":{"line":1,"column":0},"end":{"line":4,"column":6}}},"fnMap":{},"branchMap":{},"s":{"0":3},"f":{},"b":{},"_coverageSchema":"1a1c01bbd47fc00a2c39e90264f33305004495a9","hash":"3561323ca754092cbad12a9c7c12fdda11bacc7f"}
,"/Users/ext-hyd-lap076/Documents/DemoProject/MyProject/Component/Assets/otpverificationBg.png": {"path":"/Users/ext-hyd-lap076/Documents/DemoProject/MyProject/Component/Assets/otpverificationBg.png","statementMap":{"0":{"start":{"line":1,"column":0},"end":{"line":4,"column":6}}},"fnMap":{},"branchMap":{},"s":{"0":3},"f":{},"b":{},"_coverageSchema":"1a1c01bbd47fc00a2c39e90264f33305004495a9","hash":"cb918dd257fb31c02f79ff7dbbef21b64e0abca3"}
,"/Users/ext-hyd-lap076/Documents/DemoProject/MyProject/Component/Assets/profileOffers.png": {"path":"/Users/ext-hyd-lap076/Documents/DemoProject/MyProject/Component/Assets/profileOffers.png","statementMap":{"0":{"start":{"line":1,"column":0},"end":{"line":4,"column":6}}},"fnMap":{},"branchMap":{},"s":{"0":3},"f":{},"b":{},"_coverageSchema":"1a1c01bbd47fc00a2c39e90264f33305004495a9","hash":"9e1962f9a65dd38eb0727c5383e2aa8829b25b20"}
,"/Users/ext-hyd-lap076/Documents/DemoProject/MyProject/Component/Assets/questionmark.png": {"path":"/Users/ext-hyd-lap076/Documents/DemoProject/MyProject/Component/Assets/questionmark.png","statementMap":{"0":{"start":{"line":1,"column":0},"end":{"line":4,"column":6}}},"fnMap":{},"branchMap":{},"s":{"0":3},"f":{},"b":{},"_coverageSchema":"1a1c01bbd47fc00a2c39e90264f33305004495a9","hash":"7b76e7786b6038a2edf5e497b32c0973a69bcf74"}
,"/Users/ext-hyd-lap076/Documents/DemoProject/MyProject/Component/Assets/redLocationIcon.png": {"path":"/Users/ext-hyd-lap076/Documents/DemoProject/MyProject/Component/Assets/redLocationIcon.png","statementMap":{"0":{"start":{"line":1,"column":0},"end":{"line":4,"column":6}}},"fnMap":{},"branchMap":{},"s":{"0":3},"f":{},"b":{},"_coverageSchema":"1a1c01bbd47fc00a2c39e90264f33305004495a9","hash":"0173ffaf4f442bbb03a14deed87f43d67adde0c0"}
,"/Users/ext-hyd-lap076/Documents/DemoProject/MyProject/Component/Assets/redOffer.png": {"path":"/Users/ext-hyd-lap076/Documents/DemoProject/MyProject/Component/Assets/redOffer.png","statementMap":{"0":{"start":{"line":1,"column":0},"end":{"line":4,"column":6}}},"fnMap":{},"branchMap":{},"s":{"0":3},"f":{},"b":{},"_coverageSchema":"1a1c01bbd47fc00a2c39e90264f33305004495a9","hash":"9cd84b9a98f7c07e6fc1e4104eafdcb9bd5653ae"}
,"/Users/ext-hyd-lap076/Documents/DemoProject/MyProject/Component/Assets/resendCaptcha.png": {"path":"/Users/ext-hyd-lap076/Documents/DemoProject/MyProject/Component/Assets/resendCaptcha.png","statementMap":{"0":{"start":{"line":1,"column":0},"end":{"line":4,"column":6}}},"fnMap":{},"branchMap":{},"s":{"0":3},"f":{},"b":{},"_coverageSchema":"1a1c01bbd47fc00a2c39e90264f33305004495a9","hash":"27b6661623d66d25a23b30784ef98131173c6553"}
,"/Users/ext-hyd-lap076/Documents/DemoProject/MyProject/Component/Assets/setpasscodebg.png": {"path":"/Users/ext-hyd-lap076/Documents/DemoProject/MyProject/Component/Assets/setpasscodebg.png","statementMap":{"0":{"start":{"line":1,"column":0},"end":{"line":4,"column":6}}},"fnMap":{},"branchMap":{},"s":{"0":3},"f":{},"b":{},"_coverageSchema":"1a1c01bbd47fc00a2c39e90264f33305004495a9","hash":"f4eeaf09e65dd8ff48c8a9de3d019a51491f5f4f"}
,"/Users/ext-hyd-lap076/Documents/DemoProject/MyProject/Component/Assets/skip.png": {"path":"/Users/ext-hyd-lap076/Documents/DemoProject/MyProject/Component/Assets/skip.png","statementMap":{"0":{"start":{"line":1,"column":0},"end":{"line":4,"column":6}}},"fnMap":{},"branchMap":{},"s":{"0":3},"f":{},"b":{},"_coverageSchema":"1a1c01bbd47fc00a2c39e90264f33305004495a9","hash":"2c9ba3607a1240d2043de79681b3aa4e13376bbb"}
,"/Users/ext-hyd-lap076/Documents/DemoProject/MyProject/Component/Assets/spclFood.png": {"path":"/Users/ext-hyd-lap076/Documents/DemoProject/MyProject/Component/Assets/spclFood.png","statementMap":{"0":{"start":{"line":1,"column":0},"end":{"line":4,"column":6}}},"fnMap":{},"branchMap":{},"s":{"0":3},"f":{},"b":{},"_coverageSchema":"1a1c01bbd47fc00a2c39e90264f33305004495a9","hash":"d2d89d475138e186885ee6f3fc028b9a4690a5fb"}
,"/Users/ext-hyd-lap076/Documents/DemoProject/MyProject/Component/Assets/verifybtn.png": {"path":"/Users/ext-hyd-lap076/Documents/DemoProject/MyProject/Component/Assets/verifybtn.png","statementMap":{"0":{"start":{"line":1,"column":0},"end":{"line":4,"column":6}}},"fnMap":{},"branchMap":{},"s":{"0":3},"f":{},"b":{},"_coverageSchema":"1a1c01bbd47fc00a2c39e90264f33305004495a9","hash":"1f1f60663d0ae008401ec9518357108b31ad8a93"}
,"/Users/ext-hyd-lap076/Documents/DemoProject/MyProject/Component/Assets/whiteCart.png": {"path":"/Users/ext-hyd-lap076/Documents/DemoProject/MyProject/Component/Assets/whiteCart.png","statementMap":{"0":{"start":{"line":1,"column":0},"end":{"line":4,"column":6}}},"fnMap":{},"branchMap":{},"s":{"0":3},"f":{},"b":{},"_coverageSchema":"1a1c01bbd47fc00a2c39e90264f33305004495a9","hash":"3204a983a794be34152a3bcc7337718692e8d4fe"}
,"/Users/ext-hyd-lap076/Documents/DemoProject/MyProject/Component/Assets/whiteHome.png": {"path":"/Users/ext-hyd-lap076/Documents/DemoProject/MyProject/Component/Assets/whiteHome.png","statementMap":{"0":{"start":{"line":1,"column":0},"end":{"line":4,"column":6}}},"fnMap":{},"branchMap":{},"s":{"0":3},"f":{},"b":{},"_coverageSchema":"1a1c01bbd47fc00a2c39e90264f33305004495a9","hash":"d509d2c64d8bf4d356cf2e317e3b8fea68a487fd"}
,"/Users/ext-hyd-lap076/Documents/DemoProject/MyProject/Component/Assets/whiteOffer.png": {"path":"/Users/ext-hyd-lap076/Documents/DemoProject/MyProject/Component/Assets/whiteOffer.png","statementMap":{"0":{"start":{"line":1,"column":0},"end":{"line":4,"column":6}}},"fnMap":{},"branchMap":{},"s":{"0":3},"f":{},"b":{},"_coverageSchema":"1a1c01bbd47fc00a2c39e90264f33305004495a9","hash":"7e8b7cf1a7b35952d9f3e9c435144f88d751ddd9"}
,"/Users/ext-hyd-lap076/Documents/DemoProject/MyProject/Component/Assets/whiteSearch.png": {"path":"/Users/ext-hyd-lap076/Documents/DemoProject/MyProject/Component/Assets/whiteSearch.png","statementMap":{"0":{"start":{"line":1,"column":0},"end":{"line":4,"column":6}}},"fnMap":{},"branchMap":{},"s":{"0":3},"f":{},"b":{},"_coverageSchema":"1a1c01bbd47fc00a2c39e90264f33305004495a9","hash":"01c279de377a0ee99e497ec62d5b7809ae6f7236"}
}
